{"C:\\Users\\yadak\\Desktop\\COOS\\backend\\src\\controllers\\auth.controller.js": {"path":"C:\\Users\\yadak\\Desktop\\COOS\\backend\\src\\controllers\\auth.controller.js","statementMap":{"0":{"start":{"line":1,"column":18},"end":{"line":1,"column":49}},"1":{"start":{"line":2,"column":15},"end":{"line":2,"column":32}},"2":{"start":{"line":3,"column":12},"end":{"line":3,"column":35}},"3":{"start":{"line":4,"column":15},"end":{"line":4,"column":32}},"4":{"start":{"line":7,"column":0},"end":{"line":54,"column":2}},"5":{"start":{"line":8,"column":2},"end":{"line":53,"column":3}},"6":{"start":{"line":17,"column":8},"end":{"line":17,"column":16}},"7":{"start":{"line":20,"column":4},"end":{"line":22,"column":5}},"8":{"start":{"line":21,"column":6},"end":{"line":21,"column":74}},"9":{"start":{"line":24,"column":4},"end":{"line":26,"column":5}},"10":{"start":{"line":25,"column":6},"end":{"line":25,"column":85}},"11":{"start":{"line":30,"column":17},"end":{"line":30,"column":27}},"12":{"start":{"line":33,"column":27},"end":{"line":33,"column":62}},"13":{"start":{"line":36,"column":19},"end":{"line":44,"column":6}},"14":{"start":{"line":47,"column":4},"end":{"line":50,"column":7}},"15":{"start":{"line":52,"column":4},"end":{"line":52,"column":14}},"16":{"start":{"line":57,"column":0},"end":{"line":123,"column":2}},"17":{"start":{"line":58,"column":2},"end":{"line":122,"column":3}},"18":{"start":{"line":60,"column":40},"end":{"line":60,"column":48}},"19":{"start":{"line":63,"column":4},"end":{"line":67,"column":5}},"20":{"start":{"line":64,"column":6},"end":{"line":66,"column":9}},"21":{"start":{"line":70,"column":17},"end":{"line":70,"column":55}},"22":{"start":{"line":73,"column":4},"end":{"line":77,"column":5}},"23":{"start":{"line":74,"column":6},"end":{"line":76,"column":9}},"24":{"start":{"line":80,"column":28},"end":{"line":83,"column":5}},"25":{"start":{"line":85,"column":4},"end":{"line":89,"column":5}},"26":{"start":{"line":86,"column":6},"end":{"line":88,"column":9}},"27":{"start":{"line":92,"column":18},"end":{"line":105,"column":5}},"28":{"start":{"line":108,"column":4},"end":{"line":119,"column":7}},"29":{"start":{"line":121,"column":4},"end":{"line":121,"column":14}},"30":{"start":{"line":126,"column":0},"end":{"line":166,"column":2}},"31":{"start":{"line":127,"column":2},"end":{"line":165,"column":3}},"32":{"start":{"line":128,"column":26},"end":{"line":128,"column":34}},"33":{"start":{"line":130,"column":4},"end":{"line":132,"column":5}},"34":{"start":{"line":131,"column":6},"end":{"line":131,"column":66}},"35":{"start":{"line":135,"column":17},"end":{"line":135,"column":55}},"36":{"start":{"line":136,"column":4},"end":{"line":139,"column":5}},"37":{"start":{"line":138,"column":6},"end":{"line":138,"column":89}},"38":{"start":{"line":142,"column":23},"end":{"line":142,"column":61}},"39":{"start":{"line":145,"column":19},"end":{"line":145,"column":56}},"40":{"start":{"line":148,"column":4},"end":{"line":148,"column":66}},"41":{"start":{"line":151,"column":24},"end":{"line":151,"column":75}},"42":{"start":{"line":152,"column":4},"end":{"line":158,"column":5}},"43":{"start":{"line":153,"column":33},"end":{"line":153,"column":58}},"44":{"start":{"line":154,"column":6},"end":{"line":154,"column":63}},"45":{"start":{"line":156,"column":6},"end":{"line":156,"column":46}},"46":{"start":{"line":160,"column":4},"end":{"line":162,"column":7}},"47":{"start":{"line":164,"column":4},"end":{"line":164,"column":14}},"48":{"start":{"line":169,"column":0},"end":{"line":197,"column":2}},"49":{"start":{"line":170,"column":2},"end":{"line":196,"column":3}},"50":{"start":{"line":171,"column":35},"end":{"line":171,"column":43}},"51":{"start":{"line":173,"column":4},"end":{"line":175,"column":5}},"52":{"start":{"line":174,"column":6},"end":{"line":174,"column":82}},"53":{"start":{"line":177,"column":4},"end":{"line":179,"column":5}},"54":{"start":{"line":178,"column":6},"end":{"line":178,"column":85}},"55":{"start":{"line":182,"column":17},"end":{"line":182,"column":56}},"56":{"start":{"line":183,"column":4},"end":{"line":185,"column":5}},"57":{"start":{"line":184,"column":6},"end":{"line":184,"column":82}},"58":{"start":{"line":188,"column":27},"end":{"line":188,"column":61}},"59":{"start":{"line":191,"column":4},"end":{"line":191,"column":63}},"60":{"start":{"line":193,"column":4},"end":{"line":193,"column":63}},"61":{"start":{"line":195,"column":4},"end":{"line":195,"column":14}}},"fnMap":{"0":{"name":"(anonymous_0)","decl":{"start":{"line":7,"column":19},"end":{"line":7,"column":20}},"loc":{"start":{"line":7,"column":45},"end":{"line":54,"column":1}},"line":7},"1":{"name":"(anonymous_1)","decl":{"start":{"line":57,"column":16},"end":{"line":57,"column":17}},"loc":{"start":{"line":57,"column":42},"end":{"line":123,"column":1}},"line":57},"2":{"name":"(anonymous_2)","decl":{"start":{"line":126,"column":25},"end":{"line":126,"column":26}},"loc":{"start":{"line":126,"column":51},"end":{"line":166,"column":1}},"line":126},"3":{"name":"(anonymous_3)","decl":{"start":{"line":169,"column":24},"end":{"line":169,"column":25}},"loc":{"start":{"line":169,"column":50},"end":{"line":197,"column":1}},"line":169}},"branchMap":{"0":{"loc":{"start":{"line":20,"column":4},"end":{"line":22,"column":5}},"type":"if","locations":[{"start":{"line":20,"column":4},"end":{"line":22,"column":5}},{"start":{},"end":{}}],"line":20},"1":{"loc":{"start":{"line":20,"column":8},"end":{"line":20,"column":70}},"type":"binary-expr","locations":[{"start":{"line":20,"column":8},"end":{"line":20,"column":22}},{"start":{"line":20,"column":26},"end":{"line":20,"column":39}},{"start":{"line":20,"column":43},"end":{"line":20,"column":53}},{"start":{"line":20,"column":57},"end":{"line":20,"column":70}}],"line":20},"2":{"loc":{"start":{"line":24,"column":4},"end":{"line":26,"column":5}},"type":"if","locations":[{"start":{"line":24,"column":4},"end":{"line":26,"column":5}},{"start":{},"end":{}}],"line":24},"3":{"loc":{"start":{"line":63,"column":4},"end":{"line":67,"column":5}},"type":"if","locations":[{"start":{"line":63,"column":4},"end":{"line":67,"column":5}},{"start":{},"end":{}}],"line":63},"4":{"loc":{"start":{"line":63,"column":8},"end":{"line":63,"column":35}},"type":"binary-expr","locations":[{"start":{"line":63,"column":8},"end":{"line":63,"column":18}},{"start":{"line":63,"column":22},"end":{"line":63,"column":35}}],"line":63},"5":{"loc":{"start":{"line":73,"column":4},"end":{"line":77,"column":5}},"type":"if","locations":[{"start":{"line":73,"column":4},"end":{"line":77,"column":5}},{"start":{},"end":{}}],"line":73},"6":{"loc":{"start":{"line":85,"column":4},"end":{"line":89,"column":5}},"type":"if","locations":[{"start":{"line":85,"column":4},"end":{"line":89,"column":5}},{"start":{},"end":{}}],"line":85},"7":{"loc":{"start":{"line":103,"column":19},"end":{"line":103,"column":53}},"type":"binary-expr","locations":[{"start":{"line":103,"column":19},"end":{"line":103,"column":45}},{"start":{"line":103,"column":49},"end":{"line":103,"column":53}}],"line":103},"8":{"loc":{"start":{"line":130,"column":4},"end":{"line":132,"column":5}},"type":"if","locations":[{"start":{"line":130,"column":4},"end":{"line":132,"column":5}},{"start":{},"end":{}}],"line":130},"9":{"loc":{"start":{"line":136,"column":4},"end":{"line":139,"column":5}},"type":"if","locations":[{"start":{"line":136,"column":4},"end":{"line":139,"column":5}},{"start":{},"end":{}}],"line":136},"10":{"loc":{"start":{"line":151,"column":24},"end":{"line":151,"column":75}},"type":"binary-expr","locations":[{"start":{"line":151,"column":24},"end":{"line":151,"column":48}},{"start":{"line":151,"column":52},"end":{"line":151,"column":75}}],"line":151},"11":{"loc":{"start":{"line":173,"column":4},"end":{"line":175,"column":5}},"type":"if","locations":[{"start":{"line":173,"column":4},"end":{"line":175,"column":5}},{"start":{},"end":{}}],"line":173},"12":{"loc":{"start":{"line":173,"column":8},"end":{"line":173,"column":30}},"type":"binary-expr","locations":[{"start":{"line":173,"column":8},"end":{"line":173,"column":14}},{"start":{"line":173,"column":18},"end":{"line":173,"column":30}}],"line":173},"13":{"loc":{"start":{"line":177,"column":4},"end":{"line":179,"column":5}},"type":"if","locations":[{"start":{"line":177,"column":4},"end":{"line":179,"column":5}},{"start":{},"end":{}}],"line":177},"14":{"loc":{"start":{"line":183,"column":4},"end":{"line":185,"column":5}},"type":"if","locations":[{"start":{"line":183,"column":4},"end":{"line":185,"column":5}},{"start":{},"end":{}}],"line":183}},"s":{"0":0,"1":0,"2":0,"3":0,"4":0,"5":0,"6":0,"7":0,"8":0,"9":0,"10":0,"11":0,"12":0,"13":0,"14":0,"15":0,"16":0,"17":0,"18":0,"19":0,"20":0,"21":0,"22":0,"23":0,"24":0,"25":0,"26":0,"27":0,"28":0,"29":0,"30":0,"31":0,"32":0,"33":0,"34":0,"35":0,"36":0,"37":0,"38":0,"39":0,"40":0,"41":0,"42":0,"43":0,"44":0,"45":0,"46":0,"47":0,"48":0,"49":0,"50":0,"51":0,"52":0,"53":0,"54":0,"55":0,"56":0,"57":0,"58":0,"59":0,"60":0,"61":0},"f":{"0":0,"1":0,"2":0,"3":0},"b":{"0":[0,0],"1":[0,0,0,0],"2":[0,0],"3":[0,0],"4":[0,0],"5":[0,0],"6":[0,0],"7":[0,0],"8":[0,0],"9":[0,0],"10":[0,0],"11":[0,0],"12":[0,0],"13":[0,0],"14":[0,0]}}
,"C:\\Users\\yadak\\Desktop\\COOS\\backend\\src\\controllers\\file.controller.js": {"path":"C:\\Users\\yadak\\Desktop\\COOS\\backend\\src\\controllers\\file.controller.js","statementMap":{"0":{"start":{"line":1,"column":17},"end":{"line":1,"column":40}},"1":{"start":{"line":3,"column":0},"end":{"line":74,"column":2}},"2":{"start":{"line":4,"column":2},"end":{"line":73,"column":3}},"3":{"start":{"line":5,"column":37},"end":{"line":5,"column":46}},"4":{"start":{"line":7,"column":14},"end":{"line":46,"column":5}},"5":{"start":{"line":48,"column":19},"end":{"line":48,"column":21}},"6":{"start":{"line":50,"column":4},"end":{"line":53,"column":5}},"7":{"start":{"line":51,"column":6},"end":{"line":51,"column":33}},"8":{"start":{"line":52,"column":6},"end":{"line":52,"column":24}},"9":{"start":{"line":55,"column":4},"end":{"line":58,"column":5}},"10":{"start":{"line":56,"column":6},"end":{"line":56,"column":31}},"11":{"start":{"line":57,"column":6},"end":{"line":57,"column":26}},"12":{"start":{"line":60,"column":4},"end":{"line":64,"column":5}},"13":{"start":{"line":61,"column":6},"end":{"line":61,"column":72}},"14":{"start":{"line":62,"column":26},"end":{"line":62,"column":53}},"15":{"start":{"line":63,"column":6},"end":{"line":63,"column":44}},"16":{"start":{"line":66,"column":4},"end":{"line":66,"column":39}},"17":{"start":{"line":68,"column":20},"end":{"line":68,"column":49}},"18":{"start":{"line":70,"column":4},"end":{"line":70,"column":32}},"19":{"start":{"line":72,"column":4},"end":{"line":72,"column":14}}},"fnMap":{"0":{"name":"(anonymous_0)","decl":{"start":{"line":3,"column":22},"end":{"line":3,"column":23}},"loc":{"start":{"line":3,"column":48},"end":{"line":74,"column":1}},"line":3}},"branchMap":{"0":{"loc":{"start":{"line":50,"column":4},"end":{"line":53,"column":5}},"type":"if","locations":[{"start":{"line":50,"column":4},"end":{"line":53,"column":5}},{"start":{},"end":{}}],"line":50},"1":{"loc":{"start":{"line":50,"column":8},"end":{"line":50,"column":30}},"type":"binary-expr","locations":[{"start":{"line":50,"column":8},"end":{"line":50,"column":12}},{"start":{"line":50,"column":16},"end":{"line":50,"column":30}}],"line":50},"2":{"loc":{"start":{"line":55,"column":4},"end":{"line":58,"column":5}},"type":"if","locations":[{"start":{"line":55,"column":4},"end":{"line":58,"column":5}},{"start":{},"end":{}}],"line":55},"3":{"loc":{"start":{"line":55,"column":8},"end":{"line":55,"column":34}},"type":"binary-expr","locations":[{"start":{"line":55,"column":8},"end":{"line":55,"column":14}},{"start":{"line":55,"column":18},"end":{"line":55,"column":34}}],"line":55},"4":{"loc":{"start":{"line":60,"column":4},"end":{"line":64,"column":5}},"type":"if","locations":[{"start":{"line":60,"column":4},"end":{"line":64,"column":5}},{"start":{},"end":{}}],"line":60}},"s":{"0":0,"1":0,"2":0,"3":0,"4":0,"5":0,"6":0,"7":0,"8":0,"9":0,"10":0,"11":0,"12":0,"13":0,"14":0,"15":0,"16":0,"17":0,"18":0,"19":0},"f":{"0":0},"b":{"0":[0,0],"1":[0,0],"2":[0,0],"3":[0,0],"4":[0,0]}}
,"C:\\Users\\yadak\\Desktop\\COOS\\backend\\src\\controllers\\galleryImage.controller.js": {"path":"C:\\Users\\yadak\\Desktop\\COOS\\backend\\src\\controllers\\galleryImage.controller.js","statementMap":{"0":{"start":{"line":1,"column":26},"end":{"line":1,"column":65}},"1":{"start":{"line":4,"column":0},"end":{"line":19,"column":2}},"2":{"start":{"line":5,"column":2},"end":{"line":18,"column":3}},"3":{"start":{"line":6,"column":37},"end":{"line":6,"column":46}},"4":{"start":{"line":8,"column":20},"end":{"line":12,"column":5}},"5":{"start":{"line":14,"column":19},"end":{"line":14,"column":59}},"6":{"start":{"line":15,"column":4},"end":{"line":15,"column":33}},"7":{"start":{"line":17,"column":4},"end":{"line":17,"column":14}},"8":{"start":{"line":22,"column":0},"end":{"line":38,"column":2}},"9":{"start":{"line":23,"column":2},"end":{"line":37,"column":3}},"10":{"start":{"line":24,"column":21},"end":{"line":24,"column":44}},"11":{"start":{"line":26,"column":19},"end":{"line":31,"column":6}},"12":{"start":{"line":33,"column":20},"end":{"line":33,"column":44}},"13":{"start":{"line":33,"column":34},"end":{"line":33,"column":43}},"14":{"start":{"line":34,"column":4},"end":{"line":34,"column":34}},"15":{"start":{"line":36,"column":4},"end":{"line":36,"column":14}},"16":{"start":{"line":41,"column":0},"end":{"line":53,"column":2}},"17":{"start":{"line":42,"column":2},"end":{"line":52,"column":3}},"18":{"start":{"line":43,"column":18},"end":{"line":43,"column":65}},"19":{"start":{"line":45,"column":4},"end":{"line":47,"column":5}},"20":{"start":{"line":46,"column":6},"end":{"line":46,"column":74}},"21":{"start":{"line":49,"column":4},"end":{"line":49,"column":32}},"22":{"start":{"line":51,"column":4},"end":{"line":51,"column":14}},"23":{"start":{"line":56,"column":0},"end":{"line":90,"column":2}},"24":{"start":{"line":57,"column":2},"end":{"line":89,"column":3}},"25":{"start":{"line":58,"column":68},"end":{"line":58,"column":76}},"26":{"start":{"line":60,"column":4},"end":{"line":62,"column":5}},"27":{"start":{"line":61,"column":6},"end":{"line":61,"column":73}},"28":{"start":{"line":65,"column":19},"end":{"line":65,"column":36}},"29":{"start":{"line":66,"column":4},"end":{"line":68,"column":5}},"30":{"start":{"line":67,"column":6},"end":{"line":67,"column":57}},"31":{"start":{"line":70,"column":4},"end":{"line":72,"column":5}},"32":{"start":{"line":71,"column":6},"end":{"line":71,"column":85}},"33":{"start":{"line":74,"column":20},"end":{"line":80,"column":6}},"34":{"start":{"line":82,"column":4},"end":{"line":86,"column":7}},"35":{"start":{"line":88,"column":4},"end":{"line":88,"column":14}},"36":{"start":{"line":93,"column":0},"end":{"line":112,"column":2}},"37":{"start":{"line":94,"column":2},"end":{"line":111,"column":3}},"38":{"start":{"line":95,"column":19},"end":{"line":95,"column":29}},"39":{"start":{"line":98,"column":4},"end":{"line":100,"column":5}},"40":{"start":{"line":99,"column":6},"end":{"line":99,"column":66}},"41":{"start":{"line":102,"column":19},"end":{"line":102,"column":63}},"42":{"start":{"line":104,"column":4},"end":{"line":106,"column":5}},"43":{"start":{"line":105,"column":6},"end":{"line":105,"column":74}},"44":{"start":{"line":108,"column":4},"end":{"line":108,"column":63}},"45":{"start":{"line":110,"column":4},"end":{"line":110,"column":14}},"46":{"start":{"line":115,"column":0},"end":{"line":127,"column":2}},"47":{"start":{"line":116,"column":2},"end":{"line":126,"column":3}},"48":{"start":{"line":117,"column":21},"end":{"line":117,"column":66}},"49":{"start":{"line":119,"column":4},"end":{"line":121,"column":5}},"50":{"start":{"line":120,"column":6},"end":{"line":120,"column":74}},"51":{"start":{"line":123,"column":4},"end":{"line":123,"column":51}},"52":{"start":{"line":125,"column":4},"end":{"line":125,"column":14}},"53":{"start":{"line":130,"column":0},"end":{"line":145,"column":2}},"54":{"start":{"line":131,"column":2},"end":{"line":144,"column":3}},"55":{"start":{"line":132,"column":19},"end":{"line":132,"column":70}},"56":{"start":{"line":134,"column":4},"end":{"line":136,"column":5}},"57":{"start":{"line":135,"column":6},"end":{"line":135,"column":74}},"58":{"start":{"line":138,"column":4},"end":{"line":141,"column":7}},"59":{"start":{"line":143,"column":4},"end":{"line":143,"column":14}}},"fnMap":{"0":{"name":"(anonymous_0)","decl":{"start":{"line":4,"column":27},"end":{"line":4,"column":28}},"loc":{"start":{"line":4,"column":53},"end":{"line":19,"column":1}},"line":4},"1":{"name":"(anonymous_1)","decl":{"start":{"line":22,"column":18},"end":{"line":22,"column":19}},"loc":{"start":{"line":22,"column":44},"end":{"line":38,"column":1}},"line":22},"2":{"name":"(anonymous_2)","decl":{"start":{"line":33,"column":29},"end":{"line":33,"column":30}},"loc":{"start":{"line":33,"column":34},"end":{"line":33,"column":43}},"line":33},"3":{"name":"(anonymous_3)","decl":{"start":{"line":41,"column":30},"end":{"line":41,"column":31}},"loc":{"start":{"line":41,"column":56},"end":{"line":53,"column":1}},"line":41},"4":{"name":"(anonymous_4)","decl":{"start":{"line":56,"column":29},"end":{"line":56,"column":30}},"loc":{"start":{"line":56,"column":55},"end":{"line":90,"column":1}},"line":56},"5":{"name":"(anonymous_5)","decl":{"start":{"line":93,"column":29},"end":{"line":93,"column":30}},"loc":{"start":{"line":93,"column":55},"end":{"line":112,"column":1}},"line":93},"6":{"name":"(anonymous_6)","decl":{"start":{"line":115,"column":29},"end":{"line":115,"column":30}},"loc":{"start":{"line":115,"column":55},"end":{"line":127,"column":1}},"line":115},"7":{"name":"(anonymous_7)","decl":{"start":{"line":130,"column":29},"end":{"line":130,"column":30}},"loc":{"start":{"line":130,"column":55},"end":{"line":145,"column":1}},"line":130}},"branchMap":{"0":{"loc":{"start":{"line":9,"column":18},"end":{"line":9,"column":36}},"type":"binary-expr","locations":[{"start":{"line":9,"column":18},"end":{"line":9,"column":28}},{"start":{"line":9,"column":32},"end":{"line":9,"column":36}}],"line":9},"1":{"loc":{"start":{"line":10,"column":11},"end":{"line":10,"column":22}},"type":"binary-expr","locations":[{"start":{"line":10,"column":11},"end":{"line":10,"column":14}},{"start":{"line":10,"column":18},"end":{"line":10,"column":22}}],"line":10},"2":{"loc":{"start":{"line":45,"column":4},"end":{"line":47,"column":5}},"type":"if","locations":[{"start":{"line":45,"column":4},"end":{"line":47,"column":5}},{"start":{},"end":{}}],"line":45},"3":{"loc":{"start":{"line":60,"column":4},"end":{"line":62,"column":5}},"type":"if","locations":[{"start":{"line":60,"column":4},"end":{"line":62,"column":5}},{"start":{},"end":{}}],"line":60},"4":{"loc":{"start":{"line":66,"column":4},"end":{"line":68,"column":5}},"type":"if","locations":[{"start":{"line":66,"column":4},"end":{"line":68,"column":5}},{"start":{},"end":{}}],"line":66},"5":{"loc":{"start":{"line":70,"column":4},"end":{"line":72,"column":5}},"type":"if","locations":[{"start":{"line":70,"column":4},"end":{"line":72,"column":5}},{"start":{},"end":{}}],"line":70},"6":{"loc":{"start":{"line":98,"column":4},"end":{"line":100,"column":5}},"type":"if","locations":[{"start":{"line":98,"column":4},"end":{"line":100,"column":5}},{"start":{},"end":{}}],"line":98},"7":{"loc":{"start":{"line":104,"column":4},"end":{"line":106,"column":5}},"type":"if","locations":[{"start":{"line":104,"column":4},"end":{"line":106,"column":5}},{"start":{},"end":{}}],"line":104},"8":{"loc":{"start":{"line":119,"column":4},"end":{"line":121,"column":5}},"type":"if","locations":[{"start":{"line":119,"column":4},"end":{"line":121,"column":5}},{"start":{},"end":{}}],"line":119},"9":{"loc":{"start":{"line":134,"column":4},"end":{"line":136,"column":5}},"type":"if","locations":[{"start":{"line":134,"column":4},"end":{"line":136,"column":5}},{"start":{},"end":{}}],"line":134},"10":{"loc":{"start":{"line":139,"column":32},"end":{"line":139,"column":82}},"type":"cond-expr","locations":[{"start":{"line":139,"column":55},"end":{"line":139,"column":66}},{"start":{"line":139,"column":69},"end":{"line":139,"column":82}}],"line":139}},"s":{"0":0,"1":0,"2":0,"3":0,"4":0,"5":0,"6":0,"7":0,"8":0,"9":0,"10":0,"11":0,"12":0,"13":0,"14":0,"15":0,"16":0,"17":0,"18":0,"19":0,"20":0,"21":0,"22":0,"23":0,"24":0,"25":0,"26":0,"27":0,"28":0,"29":0,"30":0,"31":0,"32":0,"33":0,"34":0,"35":0,"36":0,"37":0,"38":0,"39":0,"40":0,"41":0,"42":0,"43":0,"44":0,"45":0,"46":0,"47":0,"48":0,"49":0,"50":0,"51":0,"52":0,"53":0,"54":0,"55":0,"56":0,"57":0,"58":0,"59":0},"f":{"0":0,"1":0,"2":0,"3":0,"4":0,"5":0,"6":0,"7":0},"b":{"0":[0,0],"1":[0,0],"2":[0,0],"3":[0,0],"4":[0,0],"5":[0,0],"6":[0,0],"7":[0,0],"8":[0,0],"9":[0,0],"10":[0,0]}}
,"C:\\Users\\yadak\\Desktop\\COOS\\backend\\src\\controllers\\orderController.js": {"path":"C:\\Users\\yadak\\Desktop\\COOS\\backend\\src\\controllers\\orderController.js","statementMap":{"0":{"start":{"line":1,"column":19},"end":{"line":1,"column":50}},"1":{"start":{"line":2,"column":21},"end":{"line":2,"column":54}},"2":{"start":{"line":3,"column":22},"end":{"line":3,"column":56}},"3":{"start":{"line":4,"column":18},"end":{"line":4,"column":49}},"4":{"start":{"line":7,"column":26},"end":{"line":36,"column":1}},"5":{"start":{"line":8,"column":2},"end":{"line":14,"column":3}},"6":{"start":{"line":10,"column":4},"end":{"line":12,"column":5}},"7":{"start":{"line":11,"column":6},"end":{"line":11,"column":19}},"8":{"start":{"line":13,"column":4},"end":{"line":13,"column":16}},"9":{"start":{"line":16,"column":30},"end":{"line":19,"column":3}},"10":{"start":{"line":21,"column":28},"end":{"line":25,"column":3}},"11":{"start":{"line":27,"column":2},"end":{"line":29,"column":3}},"12":{"start":{"line":28,"column":4},"end":{"line":28,"column":83}},"13":{"start":{"line":31,"column":2},"end":{"line":33,"column":3}},"14":{"start":{"line":32,"column":4},"end":{"line":32,"column":79}},"15":{"start":{"line":35,"column":2},"end":{"line":35,"column":15}},"16":{"start":{"line":38,"column":0},"end":{"line":38,"column":46}},"17":{"start":{"line":41,"column":0},"end":{"line":119,"column":2}},"18":{"start":{"line":42,"column":2},"end":{"line":118,"column":3}},"19":{"start":{"line":43,"column":33},"end":{"line":43,"column":44}},"20":{"start":{"line":45,"column":4},"end":{"line":47,"column":5}},"21":{"start":{"line":46,"column":6},"end":{"line":46,"column":94}},"22":{"start":{"line":60,"column":8},"end":{"line":60,"column":16}},"23":{"start":{"line":63,"column":4},"end":{"line":65,"column":5}},"24":{"start":{"line":64,"column":6},"end":{"line":64,"column":104}},"25":{"start":{"line":68,"column":23},"end":{"line":68,"column":61}},"26":{"start":{"line":69,"column":4},"end":{"line":71,"column":5}},"27":{"start":{"line":70,"column":6},"end":{"line":70,"column":71}},"28":{"start":{"line":72,"column":24},"end":{"line":72,"column":35}},"29":{"start":{"line":75,"column":4},"end":{"line":77,"column":5}},"30":{"start":{"line":76,"column":6},"end":{"line":76,"column":81}},"31":{"start":{"line":80,"column":27},"end":{"line":80,"column":59}},"32":{"start":{"line":81,"column":29},"end":{"line":81,"column":95}},"33":{"start":{"line":82,"column":26},"end":{"line":84,"column":12}},"34":{"start":{"line":85,"column":28},"end":{"line":85,"column":77}},"35":{"start":{"line":87,"column":20},"end":{"line":105,"column":5}},"36":{"start":{"line":107,"column":4},"end":{"line":115,"column":7}},"37":{"start":{"line":117,"column":4},"end":{"line":117,"column":14}},"38":{"start":{"line":122,"column":0},"end":{"line":146,"column":2}},"39":{"start":{"line":123,"column":2},"end":{"line":145,"column":3}},"40":{"start":{"line":124,"column":33},"end":{"line":124,"column":44}},"41":{"start":{"line":125,"column":23},"end":{"line":125,"column":32}},"42":{"start":{"line":127,"column":21},"end":{"line":127,"column":25}},"43":{"start":{"line":128,"column":19},"end":{"line":128,"column":23}},"44":{"start":{"line":131,"column":4},"end":{"line":139,"column":5}},"45":{"start":{"line":132,"column":6},"end":{"line":132,"column":26}},"46":{"start":{"line":133,"column":11},"end":{"line":139,"column":5}},"47":{"start":{"line":134,"column":6},"end":{"line":134,"column":24}},"48":{"start":{"line":135,"column":11},"end":{"line":139,"column":5}},"49":{"start":{"line":137,"column":6},"end":{"line":137,"column":66}},"50":{"start":{"line":137,"column":32},"end":{"line":137,"column":66}},"51":{"start":{"line":138,"column":6},"end":{"line":138,"column":60}},"52":{"start":{"line":138,"column":30},"end":{"line":138,"column":60}},"53":{"start":{"line":141,"column":19},"end":{"line":141,"column":77}},"54":{"start":{"line":142,"column":4},"end":{"line":142,"column":33}},"55":{"start":{"line":144,"column":4},"end":{"line":144,"column":14}},"56":{"start":{"line":149,"column":0},"end":{"line":181,"column":2}},"57":{"start":{"line":150,"column":2},"end":{"line":180,"column":3}},"58":{"start":{"line":151,"column":33},"end":{"line":151,"column":44}},"59":{"start":{"line":152,"column":20},"end":{"line":152,"column":33}},"60":{"start":{"line":154,"column":18},"end":{"line":154,"column":52}},"61":{"start":{"line":155,"column":4},"end":{"line":157,"column":5}},"62":{"start":{"line":156,"column":6},"end":{"line":156,"column":66}},"63":{"start":{"line":160,"column":4},"end":{"line":162,"column":5}},"64":{"start":{"line":161,"column":6},"end":{"line":161,"column":85}},"65":{"start":{"line":163,"column":4},"end":{"line":165,"column":5}},"66":{"start":{"line":164,"column":6},"end":{"line":164,"column":85}},"67":{"start":{"line":168,"column":19},"end":{"line":168,"column":55}},"68":{"start":{"line":169,"column":21},"end":{"line":169,"column":59}},"69":{"start":{"line":170,"column":25},"end":{"line":170,"column":59}},"70":{"start":{"line":172,"column":4},"end":{"line":177,"column":7}},"71":{"start":{"line":179,"column":4},"end":{"line":179,"column":14}},"72":{"start":{"line":184,"column":0},"end":{"line":219,"column":2}},"73":{"start":{"line":185,"column":2},"end":{"line":218,"column":3}},"74":{"start":{"line":186,"column":33},"end":{"line":186,"column":44}},"75":{"start":{"line":187,"column":20},"end":{"line":187,"column":33}},"76":{"start":{"line":188,"column":37},"end":{"line":188,"column":45}},"77":{"start":{"line":190,"column":4},"end":{"line":192,"column":5}},"78":{"start":{"line":191,"column":6},"end":{"line":191,"column":90}},"79":{"start":{"line":194,"column":18},"end":{"line":194,"column":52}},"80":{"start":{"line":195,"column":4},"end":{"line":197,"column":5}},"81":{"start":{"line":196,"column":6},"end":{"line":196,"column":66}},"82":{"start":{"line":200,"column":4},"end":{"line":202,"column":5}},"83":{"start":{"line":201,"column":6},"end":{"line":201,"column":85}},"84":{"start":{"line":203,"column":4},"end":{"line":205,"column":5}},"85":{"start":{"line":204,"column":6},"end":{"line":204,"column":85}},"86":{"start":{"line":208,"column":4},"end":{"line":212,"column":5}},"87":{"start":{"line":209,"column":6},"end":{"line":211,"column":9}},"88":{"start":{"line":214,"column":4},"end":{"line":214,"column":92}},"89":{"start":{"line":215,"column":4},"end":{"line":215,"column":79}},"90":{"start":{"line":217,"column":4},"end":{"line":217,"column":14}},"91":{"start":{"line":222,"column":0},"end":{"line":253,"column":2}},"92":{"start":{"line":223,"column":2},"end":{"line":252,"column":3}},"93":{"start":{"line":224,"column":33},"end":{"line":224,"column":44}},"94":{"start":{"line":225,"column":20},"end":{"line":225,"column":33}},"95":{"start":{"line":226,"column":25},"end":{"line":226,"column":33}},"96":{"start":{"line":228,"column":4},"end":{"line":230,"column":5}},"97":{"start":{"line":229,"column":6},"end":{"line":229,"column":97}},"98":{"start":{"line":232,"column":4},"end":{"line":237,"column":5}},"99":{"start":{"line":233,"column":25},"end":{"line":233,"column":59}},"100":{"start":{"line":234,"column":6},"end":{"line":236,"column":7}},"101":{"start":{"line":235,"column":8},"end":{"line":235,"column":97}},"102":{"start":{"line":239,"column":18},"end":{"line":239,"column":52}},"103":{"start":{"line":240,"column":4},"end":{"line":242,"column":5}},"104":{"start":{"line":241,"column":6},"end":{"line":241,"column":66}},"105":{"start":{"line":244,"column":23},"end":{"line":244,"column":87}},"106":{"start":{"line":245,"column":4},"end":{"line":249,"column":7}},"107":{"start":{"line":251,"column":4},"end":{"line":251,"column":14}},"108":{"start":{"line":256,"column":0},"end":{"line":326,"column":2}},"109":{"start":{"line":257,"column":2},"end":{"line":325,"column":3}},"110":{"start":{"line":258,"column":33},"end":{"line":258,"column":44}},"111":{"start":{"line":259,"column":20},"end":{"line":259,"column":33}},"112":{"start":{"line":270,"column":8},"end":{"line":270,"column":16}},"113":{"start":{"line":272,"column":4},"end":{"line":274,"column":5}},"114":{"start":{"line":273,"column":6},"end":{"line":273,"column":83}},"115":{"start":{"line":276,"column":28},"end":{"line":276,"column":72}},"116":{"start":{"line":277,"column":4},"end":{"line":279,"column":5}},"117":{"start":{"line":278,"column":6},"end":{"line":278,"column":71}},"118":{"start":{"line":281,"column":18},"end":{"line":281,"column":52}},"119":{"start":{"line":282,"column":4},"end":{"line":284,"column":5}},"120":{"start":{"line":283,"column":6},"end":{"line":283,"column":66}},"121":{"start":{"line":287,"column":4},"end":{"line":294,"column":5}},"122":{"start":{"line":288,"column":6},"end":{"line":290,"column":7}},"123":{"start":{"line":289,"column":8},"end":{"line":289,"column":81}},"124":{"start":{"line":291,"column":6},"end":{"line":293,"column":7}},"125":{"start":{"line":292,"column":8},"end":{"line":292,"column":112}},"126":{"start":{"line":296,"column":4},"end":{"line":303,"column":5}},"127":{"start":{"line":297,"column":6},"end":{"line":299,"column":7}},"128":{"start":{"line":298,"column":8},"end":{"line":298,"column":81}},"129":{"start":{"line":300,"column":6},"end":{"line":302,"column":7}},"130":{"start":{"line":301,"column":8},"end":{"line":301,"column":95}},"131":{"start":{"line":305,"column":25},"end":{"line":315,"column":5}},"132":{"start":{"line":317,"column":20},"end":{"line":317,"column":73}},"133":{"start":{"line":319,"column":4},"end":{"line":322,"column":7}},"134":{"start":{"line":324,"column":4},"end":{"line":324,"column":14}},"135":{"start":{"line":329,"column":0},"end":{"line":385,"column":2}},"136":{"start":{"line":330,"column":2},"end":{"line":384,"column":3}},"137":{"start":{"line":331,"column":33},"end":{"line":331,"column":44}},"138":{"start":{"line":332,"column":20},"end":{"line":332,"column":33}},"139":{"start":{"line":333,"column":59},"end":{"line":333,"column":67}},"140":{"start":{"line":335,"column":4},"end":{"line":337,"column":5}},"141":{"start":{"line":336,"column":6},"end":{"line":336,"column":100}},"142":{"start":{"line":339,"column":4},"end":{"line":341,"column":5}},"143":{"start":{"line":340,"column":6},"end":{"line":340,"column":106}},"144":{"start":{"line":343,"column":18},"end":{"line":343,"column":52}},"145":{"start":{"line":344,"column":4},"end":{"line":346,"column":5}},"146":{"start":{"line":345,"column":6},"end":{"line":345,"column":66}},"147":{"start":{"line":348,"column":4},"end":{"line":350,"column":5}},"148":{"start":{"line":349,"column":6},"end":{"line":349,"column":85}},"149":{"start":{"line":353,"column":28},"end":{"line":353,"column":80}},"150":{"start":{"line":354,"column":28},"end":{"line":354,"column":80}},"151":{"start":{"line":355,"column":21},"end":{"line":355,"column":80}},"152":{"start":{"line":356,"column":22},"end":{"line":356,"column":43}},"153":{"start":{"line":358,"column":4},"end":{"line":360,"column":5}},"154":{"start":{"line":359,"column":6},"end":{"line":359,"column":92}},"155":{"start":{"line":363,"column":29},"end":{"line":363,"column":67}},"156":{"start":{"line":364,"column":25},"end":{"line":366,"column":5}},"157":{"start":{"line":365,"column":13},"end":{"line":365,"column":111}},"158":{"start":{"line":367,"column":4},"end":{"line":369,"column":5}},"159":{"start":{"line":368,"column":6},"end":{"line":368,"column":129}},"160":{"start":{"line":371,"column":22},"end":{"line":376,"column":6}},"161":{"start":{"line":378,"column":4},"end":{"line":381,"column":7}},"162":{"start":{"line":383,"column":4},"end":{"line":383,"column":14}},"163":{"start":{"line":388,"column":0},"end":{"line":416,"column":2}},"164":{"start":{"line":389,"column":2},"end":{"line":415,"column":3}},"165":{"start":{"line":390,"column":33},"end":{"line":390,"column":44}},"166":{"start":{"line":391,"column":22},"end":{"line":391,"column":42}},"167":{"start":{"line":392,"column":39},"end":{"line":392,"column":47}},"168":{"start":{"line":394,"column":4},"end":{"line":396,"column":5}},"169":{"start":{"line":395,"column":6},"end":{"line":395,"column":105}},"170":{"start":{"line":398,"column":4},"end":{"line":400,"column":5}},"171":{"start":{"line":399,"column":6},"end":{"line":399,"column":105}},"172":{"start":{"line":402,"column":20},"end":{"line":402,"column":63}},"173":{"start":{"line":403,"column":4},"end":{"line":405,"column":5}},"174":{"start":{"line":404,"column":6},"end":{"line":404,"column":77}},"175":{"start":{"line":407,"column":19},"end":{"line":407,"column":92}},"176":{"start":{"line":408,"column":4},"end":{"line":412,"column":7}},"177":{"start":{"line":414,"column":4},"end":{"line":414,"column":14}}},"fnMap":{"0":{"name":"(anonymous_0)","decl":{"start":{"line":7,"column":26},"end":{"line":7,"column":27}},"loc":{"start":{"line":7,"column":46},"end":{"line":36,"column":1}},"line":7},"1":{"name":"(anonymous_1)","decl":{"start":{"line":41,"column":17},"end":{"line":41,"column":18}},"loc":{"start":{"line":41,"column":43},"end":{"line":119,"column":1}},"line":41},"2":{"name":"(anonymous_2)","decl":{"start":{"line":122,"column":17},"end":{"line":122,"column":18}},"loc":{"start":{"line":122,"column":43},"end":{"line":146,"column":1}},"line":122},"3":{"name":"(anonymous_3)","decl":{"start":{"line":149,"column":18},"end":{"line":149,"column":19}},"loc":{"start":{"line":149,"column":44},"end":{"line":181,"column":1}},"line":149},"4":{"name":"(anonymous_4)","decl":{"start":{"line":184,"column":23},"end":{"line":184,"column":24}},"loc":{"start":{"line":184,"column":49},"end":{"line":219,"column":1}},"line":184},"5":{"name":"(anonymous_5)","decl":{"start":{"line":222,"column":23},"end":{"line":222,"column":24}},"loc":{"start":{"line":222,"column":49},"end":{"line":253,"column":1}},"line":222},"6":{"name":"(anonymous_6)","decl":{"start":{"line":256,"column":22},"end":{"line":256,"column":23}},"loc":{"start":{"line":256,"column":48},"end":{"line":326,"column":1}},"line":256},"7":{"name":"(anonymous_7)","decl":{"start":{"line":329,"column":24},"end":{"line":329,"column":25}},"loc":{"start":{"line":329,"column":50},"end":{"line":385,"column":1}},"line":329},"8":{"name":"(anonymous_8)","decl":{"start":{"line":365,"column":6},"end":{"line":365,"column":7}},"loc":{"start":{"line":365,"column":13},"end":{"line":365,"column":111}},"line":365},"9":{"name":"(anonymous_9)","decl":{"start":{"line":388,"column":24},"end":{"line":388,"column":25}},"loc":{"start":{"line":388,"column":50},"end":{"line":416,"column":1}},"line":388}},"branchMap":{"0":{"loc":{"start":{"line":8,"column":2},"end":{"line":14,"column":3}},"type":"if","locations":[{"start":{"line":8,"column":2},"end":{"line":14,"column":3}},{"start":{},"end":{}}],"line":8},"1":{"loc":{"start":{"line":10,"column":4},"end":{"line":12,"column":5}},"type":"if","locations":[{"start":{"line":10,"column":4},"end":{"line":12,"column":5}},{"start":{},"end":{}}],"line":10},"2":{"loc":{"start":{"line":10,"column":8},"end":{"line":10,"column":52}},"type":"binary-expr","locations":[{"start":{"line":10,"column":8},"end":{"line":10,"column":28}},{"start":{"line":10,"column":32},"end":{"line":10,"column":52}}],"line":10},"3":{"loc":{"start":{"line":27,"column":2},"end":{"line":29,"column":3}},"type":"if","locations":[{"start":{"line":27,"column":2},"end":{"line":29,"column":3}},{"start":{},"end":{}}],"line":27},"4":{"loc":{"start":{"line":28,"column":14},"end":{"line":28,"column":81}},"type":"binary-expr","locations":[{"start":{"line":28,"column":14},"end":{"line":28,"column":39}},{"start":{"line":28,"column":43},"end":{"line":28,"column":81}}],"line":28},"5":{"loc":{"start":{"line":31,"column":2},"end":{"line":33,"column":3}},"type":"if","locations":[{"start":{"line":31,"column":2},"end":{"line":33,"column":3}},{"start":{},"end":{}}],"line":31},"6":{"loc":{"start":{"line":32,"column":14},"end":{"line":32,"column":77}},"type":"binary-expr","locations":[{"start":{"line":32,"column":14},"end":{"line":32,"column":37}},{"start":{"line":32,"column":41},"end":{"line":32,"column":77}}],"line":32},"7":{"loc":{"start":{"line":45,"column":4},"end":{"line":47,"column":5}},"type":"if","locations":[{"start":{"line":45,"column":4},"end":{"line":47,"column":5}},{"start":{},"end":{}}],"line":45},"8":{"loc":{"start":{"line":63,"column":4},"end":{"line":65,"column":5}},"type":"if","locations":[{"start":{"line":63,"column":4},"end":{"line":65,"column":5}},{"start":{},"end":{}}],"line":63},"9":{"loc":{"start":{"line":63,"column":8},"end":{"line":63,"column":55}},"type":"binary-expr","locations":[{"start":{"line":63,"column":8},"end":{"line":63,"column":18}},{"start":{"line":63,"column":22},"end":{"line":63,"column":33}},{"start":{"line":63,"column":37},"end":{"line":63,"column":55}}],"line":63},"10":{"loc":{"start":{"line":69,"column":4},"end":{"line":71,"column":5}},"type":"if","locations":[{"start":{"line":69,"column":4},"end":{"line":71,"column":5}},{"start":{},"end":{}}],"line":69},"11":{"loc":{"start":{"line":69,"column":8},"end":{"line":69,"column":42}},"type":"binary-expr","locations":[{"start":{"line":69,"column":8},"end":{"line":69,"column":17}},{"start":{"line":69,"column":21},"end":{"line":69,"column":42}}],"line":69},"12":{"loc":{"start":{"line":75,"column":4},"end":{"line":77,"column":5}},"type":"if","locations":[{"start":{"line":75,"column":4},"end":{"line":77,"column":5}},{"start":{},"end":{}}],"line":75},"13":{"loc":{"start":{"line":81,"column":29},"end":{"line":81,"column":95}},"type":"cond-expr","locations":[{"start":{"line":81,"column":45},"end":{"line":81,"column":88}},{"start":{"line":81,"column":91},"end":{"line":81,"column":95}}],"line":81},"14":{"loc":{"start":{"line":81,"column":52},"end":{"line":81,"column":87}},"type":"binary-expr","locations":[{"start":{"line":81,"column":52},"end":{"line":81,"column":82}},{"start":{"line":81,"column":86},"end":{"line":81,"column":87}}],"line":81},"15":{"loc":{"start":{"line":82,"column":26},"end":{"line":84,"column":12}},"type":"cond-expr","locations":[{"start":{"line":83,"column":8},"end":{"line":83,"column":84}},{"start":{"line":84,"column":8},"end":{"line":84,"column":12}}],"line":82},"16":{"loc":{"start":{"line":83,"column":33},"end":{"line":83,"column":76}},"type":"binary-expr","locations":[{"start":{"line":83,"column":33},"end":{"line":83,"column":67}},{"start":{"line":83,"column":71},"end":{"line":83,"column":76}}],"line":83},"17":{"loc":{"start":{"line":97,"column":23},"end":{"line":97,"column":44}},"type":"cond-expr","locations":[{"start":{"line":97,"column":39},"end":{"line":97,"column":40}},{"start":{"line":97,"column":43},"end":{"line":97,"column":44}}],"line":97},"18":{"loc":{"start":{"line":98,"column":31},"end":{"line":98,"column":60}},"type":"cond-expr","locations":[{"start":{"line":98,"column":55},"end":{"line":98,"column":56}},{"start":{"line":98,"column":59},"end":{"line":98,"column":60}}],"line":98},"19":{"loc":{"start":{"line":104,"column":6},"end":{"line":104,"column":27}},"type":"binary-expr","locations":[{"start":{"line":104,"column":6},"end":{"line":104,"column":21}},{"start":{"line":104,"column":25},"end":{"line":104,"column":27}}],"line":104},"20":{"loc":{"start":{"line":131,"column":4},"end":{"line":139,"column":5}},"type":"if","locations":[{"start":{"line":131,"column":4},"end":{"line":139,"column":5}},{"start":{"line":133,"column":11},"end":{"line":139,"column":5}}],"line":131},"21":{"loc":{"start":{"line":133,"column":11},"end":{"line":139,"column":5}},"type":"if","locations":[{"start":{"line":133,"column":11},"end":{"line":139,"column":5}},{"start":{"line":135,"column":11},"end":{"line":139,"column":5}}],"line":133},"22":{"loc":{"start":{"line":135,"column":11},"end":{"line":139,"column":5}},"type":"if","locations":[{"start":{"line":135,"column":11},"end":{"line":139,"column":5}},{"start":{},"end":{}}],"line":135},"23":{"loc":{"start":{"line":137,"column":6},"end":{"line":137,"column":66}},"type":"if","locations":[{"start":{"line":137,"column":6},"end":{"line":137,"column":66}},{"start":{},"end":{}}],"line":137},"24":{"loc":{"start":{"line":138,"column":6},"end":{"line":138,"column":60}},"type":"if","locations":[{"start":{"line":138,"column":6},"end":{"line":138,"column":60}},{"start":{},"end":{}}],"line":138},"25":{"loc":{"start":{"line":155,"column":4},"end":{"line":157,"column":5}},"type":"if","locations":[{"start":{"line":155,"column":4},"end":{"line":157,"column":5}},{"start":{},"end":{}}],"line":155},"26":{"loc":{"start":{"line":160,"column":4},"end":{"line":162,"column":5}},"type":"if","locations":[{"start":{"line":160,"column":4},"end":{"line":162,"column":5}},{"start":{},"end":{}}],"line":160},"27":{"loc":{"start":{"line":160,"column":8},"end":{"line":160,"column":78}},"type":"binary-expr","locations":[{"start":{"line":160,"column":8},"end":{"line":160,"column":31}},{"start":{"line":160,"column":35},"end":{"line":160,"column":78}}],"line":160},"28":{"loc":{"start":{"line":163,"column":4},"end":{"line":165,"column":5}},"type":"if","locations":[{"start":{"line":163,"column":4},"end":{"line":165,"column":5}},{"start":{},"end":{}}],"line":163},"29":{"loc":{"start":{"line":163,"column":8},"end":{"line":163,"column":74}},"type":"binary-expr","locations":[{"start":{"line":163,"column":8},"end":{"line":163,"column":29}},{"start":{"line":163,"column":33},"end":{"line":163,"column":74}}],"line":163},"30":{"loc":{"start":{"line":190,"column":4},"end":{"line":192,"column":5}},"type":"if","locations":[{"start":{"line":190,"column":4},"end":{"line":192,"column":5}},{"start":{},"end":{}}],"line":190},"31":{"loc":{"start":{"line":195,"column":4},"end":{"line":197,"column":5}},"type":"if","locations":[{"start":{"line":195,"column":4},"end":{"line":197,"column":5}},{"start":{},"end":{}}],"line":195},"32":{"loc":{"start":{"line":200,"column":4},"end":{"line":202,"column":5}},"type":"if","locations":[{"start":{"line":200,"column":4},"end":{"line":202,"column":5}},{"start":{},"end":{}}],"line":200},"33":{"loc":{"start":{"line":200,"column":8},"end":{"line":200,"column":78}},"type":"binary-expr","locations":[{"start":{"line":200,"column":8},"end":{"line":200,"column":31}},{"start":{"line":200,"column":35},"end":{"line":200,"column":78}}],"line":200},"34":{"loc":{"start":{"line":203,"column":4},"end":{"line":205,"column":5}},"type":"if","locations":[{"start":{"line":203,"column":4},"end":{"line":205,"column":5}},{"start":{},"end":{}}],"line":203},"35":{"loc":{"start":{"line":203,"column":8},"end":{"line":203,"column":74}},"type":"binary-expr","locations":[{"start":{"line":203,"column":8},"end":{"line":203,"column":29}},{"start":{"line":203,"column":33},"end":{"line":203,"column":74}}],"line":203},"36":{"loc":{"start":{"line":208,"column":4},"end":{"line":212,"column":5}},"type":"if","locations":[{"start":{"line":208,"column":4},"end":{"line":212,"column":5}},{"start":{},"end":{}}],"line":208},"37":{"loc":{"start":{"line":228,"column":4},"end":{"line":230,"column":5}},"type":"if","locations":[{"start":{"line":228,"column":4},"end":{"line":230,"column":5}},{"start":{},"end":{}}],"line":228},"38":{"loc":{"start":{"line":232,"column":4},"end":{"line":237,"column":5}},"type":"if","locations":[{"start":{"line":232,"column":4},"end":{"line":237,"column":5}},{"start":{},"end":{}}],"line":232},"39":{"loc":{"start":{"line":234,"column":6},"end":{"line":236,"column":7}},"type":"if","locations":[{"start":{"line":234,"column":6},"end":{"line":236,"column":7}},{"start":{},"end":{}}],"line":234},"40":{"loc":{"start":{"line":234,"column":10},"end":{"line":234,"column":57}},"type":"binary-expr","locations":[{"start":{"line":234,"column":10},"end":{"line":234,"column":21}},{"start":{"line":234,"column":25},"end":{"line":234,"column":57}}],"line":234},"41":{"loc":{"start":{"line":240,"column":4},"end":{"line":242,"column":5}},"type":"if","locations":[{"start":{"line":240,"column":4},"end":{"line":242,"column":5}},{"start":{},"end":{}}],"line":240},"42":{"loc":{"start":{"line":244,"column":62},"end":{"line":244,"column":78}},"type":"binary-expr","locations":[{"start":{"line":244,"column":62},"end":{"line":244,"column":70}},{"start":{"line":244,"column":74},"end":{"line":244,"column":78}}],"line":244},"43":{"loc":{"start":{"line":246,"column":15},"end":{"line":246,"column":84}},"type":"cond-expr","locations":[{"start":{"line":246,"column":26},"end":{"line":246,"column":55}},{"start":{"line":246,"column":58},"end":{"line":246,"column":84}}],"line":246},"44":{"loc":{"start":{"line":247,"column":16},"end":{"line":247,"column":32}},"type":"binary-expr","locations":[{"start":{"line":247,"column":16},"end":{"line":247,"column":24}},{"start":{"line":247,"column":28},"end":{"line":247,"column":32}}],"line":247},"45":{"loc":{"start":{"line":272,"column":4},"end":{"line":274,"column":5}},"type":"if","locations":[{"start":{"line":272,"column":4},"end":{"line":274,"column":5}},{"start":{},"end":{}}],"line":272},"46":{"loc":{"start":{"line":272,"column":8},"end":{"line":272,"column":31}},"type":"binary-expr","locations":[{"start":{"line":272,"column":8},"end":{"line":272,"column":18}},{"start":{"line":272,"column":22},"end":{"line":272,"column":31}}],"line":272},"47":{"loc":{"start":{"line":277,"column":4},"end":{"line":279,"column":5}},"type":"if","locations":[{"start":{"line":277,"column":4},"end":{"line":279,"column":5}},{"start":{},"end":{}}],"line":277},"48":{"loc":{"start":{"line":282,"column":4},"end":{"line":284,"column":5}},"type":"if","locations":[{"start":{"line":282,"column":4},"end":{"line":284,"column":5}},{"start":{},"end":{}}],"line":282},"49":{"loc":{"start":{"line":287,"column":4},"end":{"line":294,"column":5}},"type":"if","locations":[{"start":{"line":287,"column":4},"end":{"line":294,"column":5}},{"start":{},"end":{}}],"line":287},"50":{"loc":{"start":{"line":288,"column":6},"end":{"line":290,"column":7}},"type":"if","locations":[{"start":{"line":288,"column":6},"end":{"line":290,"column":7}},{"start":{},"end":{}}],"line":288},"51":{"loc":{"start":{"line":291,"column":6},"end":{"line":293,"column":7}},"type":"if","locations":[{"start":{"line":291,"column":6},"end":{"line":293,"column":7}},{"start":{},"end":{}}],"line":291},"52":{"loc":{"start":{"line":296,"column":4},"end":{"line":303,"column":5}},"type":"if","locations":[{"start":{"line":296,"column":4},"end":{"line":303,"column":5}},{"start":{},"end":{}}],"line":296},"53":{"loc":{"start":{"line":297,"column":6},"end":{"line":299,"column":7}},"type":"if","locations":[{"start":{"line":297,"column":6},"end":{"line":299,"column":7}},{"start":{},"end":{}}],"line":297},"54":{"loc":{"start":{"line":300,"column":6},"end":{"line":302,"column":7}},"type":"if","locations":[{"start":{"line":300,"column":6},"end":{"line":302,"column":7}},{"start":{},"end":{}}],"line":300},"55":{"loc":{"start":{"line":309,"column":16},"end":{"line":309,"column":62}},"type":"cond-expr","locations":[{"start":{"line":309,"column":47},"end":{"line":309,"column":55}},{"start":{"line":309,"column":58},"end":{"line":309,"column":62}}],"line":309},"56":{"loc":{"start":{"line":310,"column":22},"end":{"line":310,"column":74}},"type":"cond-expr","locations":[{"start":{"line":310,"column":53},"end":{"line":310,"column":67}},{"start":{"line":310,"column":70},"end":{"line":310,"column":74}}],"line":310},"57":{"loc":{"start":{"line":311,"column":22},"end":{"line":311,"column":74}},"type":"cond-expr","locations":[{"start":{"line":311,"column":53},"end":{"line":311,"column":67}},{"start":{"line":311,"column":70},"end":{"line":311,"column":74}}],"line":311},"58":{"loc":{"start":{"line":312,"column":16},"end":{"line":312,"column":62}},"type":"cond-expr","locations":[{"start":{"line":312,"column":47},"end":{"line":312,"column":55}},{"start":{"line":312,"column":58},"end":{"line":312,"column":62}}],"line":312},"59":{"loc":{"start":{"line":313,"column":13},"end":{"line":313,"column":56}},"type":"cond-expr","locations":[{"start":{"line":313,"column":44},"end":{"line":313,"column":49}},{"start":{"line":313,"column":52},"end":{"line":313,"column":56}}],"line":313},"60":{"loc":{"start":{"line":314,"column":12},"end":{"line":314,"column":54}},"type":"cond-expr","locations":[{"start":{"line":314,"column":43},"end":{"line":314,"column":47}},{"start":{"line":314,"column":50},"end":{"line":314,"column":54}}],"line":314},"61":{"loc":{"start":{"line":335,"column":4},"end":{"line":337,"column":5}},"type":"if","locations":[{"start":{"line":335,"column":4},"end":{"line":337,"column":5}},{"start":{},"end":{}}],"line":335},"62":{"loc":{"start":{"line":339,"column":4},"end":{"line":341,"column":5}},"type":"if","locations":[{"start":{"line":339,"column":4},"end":{"line":341,"column":5}},{"start":{},"end":{}}],"line":339},"63":{"loc":{"start":{"line":339,"column":8},"end":{"line":339,"column":57}},"type":"binary-expr","locations":[{"start":{"line":339,"column":8},"end":{"line":339,"column":20}},{"start":{"line":339,"column":24},"end":{"line":339,"column":38}},{"start":{"line":339,"column":42},"end":{"line":339,"column":57}}],"line":339},"64":{"loc":{"start":{"line":344,"column":4},"end":{"line":346,"column":5}},"type":"if","locations":[{"start":{"line":344,"column":4},"end":{"line":346,"column":5}},{"start":{},"end":{}}],"line":344},"65":{"loc":{"start":{"line":348,"column":4},"end":{"line":350,"column":5}},"type":"if","locations":[{"start":{"line":348,"column":4},"end":{"line":350,"column":5}},{"start":{},"end":{}}],"line":348},"66":{"loc":{"start":{"line":355,"column":21},"end":{"line":355,"column":80}},"type":"cond-expr","locations":[{"start":{"line":355,"column":49},"end":{"line":355,"column":64}},{"start":{"line":355,"column":67},"end":{"line":355,"column":80}}],"line":355},"67":{"loc":{"start":{"line":358,"column":4},"end":{"line":360,"column":5}},"type":"if","locations":[{"start":{"line":358,"column":4},"end":{"line":360,"column":5}},{"start":{},"end":{}}],"line":358},"68":{"loc":{"start":{"line":365,"column":13},"end":{"line":365,"column":111}},"type":"binary-expr","locations":[{"start":{"line":365,"column":13},"end":{"line":365,"column":42}},{"start":{"line":365,"column":47},"end":{"line":365,"column":76}},{"start":{"line":365,"column":80},"end":{"line":365,"column":110}}],"line":365},"69":{"loc":{"start":{"line":367,"column":4},"end":{"line":369,"column":5}},"type":"if","locations":[{"start":{"line":367,"column":4},"end":{"line":369,"column":5}},{"start":{},"end":{}}],"line":367},"70":{"loc":{"start":{"line":394,"column":4},"end":{"line":396,"column":5}},"type":"if","locations":[{"start":{"line":394,"column":4},"end":{"line":396,"column":5}},{"start":{},"end":{}}],"line":394},"71":{"loc":{"start":{"line":398,"column":4},"end":{"line":400,"column":5}},"type":"if","locations":[{"start":{"line":398,"column":4},"end":{"line":400,"column":5}},{"start":{},"end":{}}],"line":398},"72":{"loc":{"start":{"line":403,"column":4},"end":{"line":405,"column":5}},"type":"if","locations":[{"start":{"line":403,"column":4},"end":{"line":405,"column":5}},{"start":{},"end":{}}],"line":403}},"s":{"0":1,"1":1,"2":1,"3":1,"4":1,"5":11,"6":4,"7":2,"8":2,"9":7,"10":7,"11":7,"12":3,"13":4,"14":4,"15":0,"16":1,"17":1,"18":4,"19":4,"20":4,"21":0,"22":4,"23":4,"24":1,"25":3,"26":3,"27":1,"28":2,"29":2,"30":0,"31":2,"32":2,"33":2,"34":2,"35":2,"36":2,"37":0,"38":1,"39":0,"40":0,"41":0,"42":0,"43":0,"44":0,"45":0,"46":0,"47":0,"48":0,"49":0,"50":0,"51":0,"52":0,"53":0,"54":0,"55":0,"56":1,"57":0,"58":0,"59":0,"60":0,"61":0,"62":0,"63":0,"64":0,"65":0,"66":0,"67":0,"68":0,"69":0,"70":0,"71":0,"72":1,"73":0,"74":0,"75":0,"76":0,"77":0,"78":0,"79":0,"80":0,"81":0,"82":0,"83":0,"84":0,"85":0,"86":0,"87":0,"88":0,"89":0,"90":0,"91":1,"92":0,"93":0,"94":0,"95":0,"96":0,"97":0,"98":0,"99":0,"100":0,"101":0,"102":0,"103":0,"104":0,"105":0,"106":0,"107":0,"108":1,"109":0,"110":0,"111":0,"112":0,"113":0,"114":0,"115":0,"116":0,"117":0,"118":0,"119":0,"120":0,"121":0,"122":0,"123":0,"124":0,"125":0,"126":0,"127":0,"128":0,"129":0,"130":0,"131":0,"132":0,"133":0,"134":0,"135":1,"136":0,"137":0,"138":0,"139":0,"140":0,"141":0,"142":0,"143":0,"144":0,"145":0,"146":0,"147":0,"148":0,"149":0,"150":0,"151":0,"152":0,"153":0,"154":0,"155":0,"156":0,"157":0,"158":0,"159":0,"160":0,"161":0,"162":0,"163":1,"164":0,"165":0,"166":0,"167":0,"168":0,"169":0,"170":0,"171":0,"172":0,"173":0,"174":0,"175":0,"176":0,"177":0},"f":{"0":11,"1":4,"2":0,"3":0,"4":0,"5":0,"6":0,"7":0,"8":0,"9":0},"b":{"0":[4,7],"1":[2,2],"2":[4,3],"3":[3,4],"4":[3,2],"5":[4,0],"6":[4,3],"7":[0,4],"8":[1,3],"9":[4,3,3],"10":[1,2],"11":[3,3],"12":[0,2],"13":[1,1],"14":[1,0],"15":[1,1],"16":[1,0],"17":[1,1],"18":[1,1],"19":[2,2],"20":[0,0],"21":[0,0],"22":[0,0],"23":[0,0],"24":[0,0],"25":[0,0],"26":[0,0],"27":[0,0],"28":[0,0],"29":[0,0],"30":[0,0],"31":[0,0],"32":[0,0],"33":[0,0],"34":[0,0],"35":[0,0],"36":[0,0],"37":[0,0],"38":[0,0],"39":[0,0],"40":[0,0],"41":[0,0],"42":[0,0],"43":[0,0],"44":[0,0],"45":[0,0],"46":[0,0],"47":[0,0],"48":[0,0],"49":[0,0],"50":[0,0],"51":[0,0],"52":[0,0],"53":[0,0],"54":[0,0],"55":[0,0],"56":[0,0],"57":[0,0],"58":[0,0],"59":[0,0],"60":[0,0],"61":[0,0],"62":[0,0],"63":[0,0,0],"64":[0,0],"65":[0,0],"66":[0,0],"67":[0,0],"68":[0,0,0],"69":[0,0],"70":[0,0],"71":[0,0],"72":[0,0]},"_coverageSchema":"1a1c01bbd47fc00a2c39e90264f33305004495a9","hash":"98a2f89ded562b31360034febc85e7ac18aca223"}
,"C:\\Users\\yadak\\Desktop\\COOS\\backend\\src\\controllers\\packageController.js": {"path":"C:\\Users\\yadak\\Desktop\\COOS\\backend\\src\\controllers\\packageController.js","statementMap":{"0":{"start":{"line":1,"column":21},"end":{"line":1,"column":54}},"1":{"start":{"line":3,"column":26},"end":{"line":3,"column":42}},"2":{"start":{"line":6,"column":0},"end":{"line":20,"column":2}},"3":{"start":{"line":7,"column":2},"end":{"line":19,"column":3}},"4":{"start":{"line":9,"column":6},"end":{"line":9,"column":67}},"5":{"start":{"line":10,"column":19},"end":{"line":10,"column":62}},"6":{"start":{"line":12,"column":4},"end":{"line":14,"column":5}},"7":{"start":{"line":13,"column":6},"end":{"line":13,"column":63}},"8":{"start":{"line":16,"column":4},"end":{"line":16,"column":31}},"9":{"start":{"line":18,"column":4},"end":{"line":18,"column":14}},"10":{"start":{"line":23,"column":0},"end":{"line":35,"column":2}},"11":{"start":{"line":24,"column":2},"end":{"line":34,"column":3}},"12":{"start":{"line":25,"column":19},"end":{"line":25,"column":61}},"13":{"start":{"line":27,"column":4},"end":{"line":29,"column":5}},"14":{"start":{"line":28,"column":6},"end":{"line":28,"column":66}},"15":{"start":{"line":31,"column":4},"end":{"line":31,"column":34}},"16":{"start":{"line":33,"column":4},"end":{"line":33,"column":14}},"17":{"start":{"line":38,"column":0},"end":{"line":81,"column":2}},"18":{"start":{"line":39,"column":2},"end":{"line":80,"column":3}},"19":{"start":{"line":47,"column":8},"end":{"line":47,"column":16}},"20":{"start":{"line":49,"column":4},"end":{"line":51,"column":5}},"21":{"start":{"line":50,"column":6},"end":{"line":50,"column":99}},"22":{"start":{"line":53,"column":4},"end":{"line":61,"column":5}},"23":{"start":{"line":60,"column":6},"end":{"line":60,"column":76}},"24":{"start":{"line":63,"column":4},"end":{"line":67,"column":5}},"25":{"start":{"line":64,"column":6},"end":{"line":66,"column":72}},"26":{"start":{"line":69,"column":21},"end":{"line":72,"column":6}},"27":{"start":{"line":74,"column":4},"end":{"line":77,"column":7}},"28":{"start":{"line":79,"column":4},"end":{"line":79,"column":14}},"29":{"start":{"line":84,"column":0},"end":{"line":108,"column":2}},"30":{"start":{"line":85,"column":2},"end":{"line":107,"column":3}},"31":{"start":{"line":86,"column":58},"end":{"line":86,"column":66}},"32":{"start":{"line":88,"column":4},"end":{"line":90,"column":5}},"33":{"start":{"line":89,"column":6},"end":{"line":89,"column":99}},"34":{"start":{"line":92,"column":4},"end":{"line":96,"column":5}},"35":{"start":{"line":93,"column":6},"end":{"line":95,"column":72}},"36":{"start":{"line":98,"column":21},"end":{"line":98,"column":71}},"37":{"start":{"line":100,"column":4},"end":{"line":102,"column":5}},"38":{"start":{"line":101,"column":6},"end":{"line":101,"column":66}},"39":{"start":{"line":104,"column":4},"end":{"line":104,"column":61}},"40":{"start":{"line":106,"column":4},"end":{"line":106,"column":14}},"41":{"start":{"line":111,"column":0},"end":{"line":123,"column":2}},"42":{"start":{"line":112,"column":2},"end":{"line":122,"column":3}},"43":{"start":{"line":113,"column":21},"end":{"line":113,"column":61}},"44":{"start":{"line":115,"column":4},"end":{"line":117,"column":5}},"45":{"start":{"line":116,"column":6},"end":{"line":116,"column":66}},"46":{"start":{"line":119,"column":4},"end":{"line":119,"column":57}},"47":{"start":{"line":121,"column":4},"end":{"line":121,"column":14}}},"fnMap":{"0":{"name":"(anonymous_0)","decl":{"start":{"line":6,"column":17},"end":{"line":6,"column":18}},"loc":{"start":{"line":6,"column":43},"end":{"line":20,"column":1}},"line":6},"1":{"name":"(anonymous_1)","decl":{"start":{"line":23,"column":18},"end":{"line":23,"column":19}},"loc":{"start":{"line":23,"column":44},"end":{"line":35,"column":1}},"line":23},"2":{"name":"(anonymous_2)","decl":{"start":{"line":38,"column":17},"end":{"line":38,"column":18}},"loc":{"start":{"line":38,"column":43},"end":{"line":81,"column":1}},"line":38},"3":{"name":"(anonymous_3)","decl":{"start":{"line":84,"column":17},"end":{"line":84,"column":18}},"loc":{"start":{"line":84,"column":43},"end":{"line":108,"column":1}},"line":84},"4":{"name":"(anonymous_4)","decl":{"start":{"line":111,"column":17},"end":{"line":111,"column":18}},"loc":{"start":{"line":111,"column":43},"end":{"line":123,"column":1}},"line":111}},"branchMap":{"0":{"loc":{"start":{"line":9,"column":6},"end":{"line":9,"column":67}},"type":"binary-expr","locations":[{"start":{"line":9,"column":6},"end":{"line":9,"column":30}},{"start":{"line":9,"column":34},"end":{"line":9,"column":67}}],"line":9},"1":{"loc":{"start":{"line":12,"column":4},"end":{"line":14,"column":5}},"type":"if","locations":[{"start":{"line":12,"column":4},"end":{"line":14,"column":5}},{"start":{},"end":{}}],"line":12},"2":{"loc":{"start":{"line":12,"column":8},"end":{"line":12,"column":34}},"type":"binary-expr","locations":[{"start":{"line":12,"column":8},"end":{"line":12,"column":13}},{"start":{"line":12,"column":17},"end":{"line":12,"column":34}}],"line":12},"3":{"loc":{"start":{"line":27,"column":4},"end":{"line":29,"column":5}},"type":"if","locations":[{"start":{"line":27,"column":4},"end":{"line":29,"column":5}},{"start":{},"end":{}}],"line":27},"4":{"loc":{"start":{"line":27,"column":8},"end":{"line":27,"column":34}},"type":"binary-expr","locations":[{"start":{"line":27,"column":8},"end":{"line":27,"column":13}},{"start":{"line":27,"column":17},"end":{"line":27,"column":34}}],"line":27},"5":{"loc":{"start":{"line":49,"column":4},"end":{"line":51,"column":5}},"type":"if","locations":[{"start":{"line":49,"column":4},"end":{"line":51,"column":5}},{"start":{},"end":{}}],"line":49},"6":{"loc":{"start":{"line":49,"column":8},"end":{"line":49,"column":124}},"type":"binary-expr","locations":[{"start":{"line":49,"column":8},"end":{"line":49,"column":44}},{"start":{"line":49,"column":49},"end":{"line":49,"column":83}},{"start":{"line":49,"column":87},"end":{"line":49,"column":123}}],"line":49},"7":{"loc":{"start":{"line":53,"column":4},"end":{"line":61,"column":5}},"type":"if","locations":[{"start":{"line":53,"column":4},"end":{"line":61,"column":5}},{"start":{},"end":{}}],"line":53},"8":{"loc":{"start":{"line":54,"column":6},"end":{"line":58,"column":32}},"type":"binary-expr","locations":[{"start":{"line":54,"column":6},"end":{"line":54,"column":26}},{"start":{"line":55,"column":6},"end":{"line":55,"column":24}},{"start":{"line":56,"column":6},"end":{"line":56,"column":24}},{"start":{"line":57,"column":6},"end":{"line":57,"column":26}},{"start":{"line":58,"column":6},"end":{"line":58,"column":32}}],"line":54},"9":{"loc":{"start":{"line":63,"column":4},"end":{"line":67,"column":5}},"type":"if","locations":[{"start":{"line":63,"column":4},"end":{"line":67,"column":5}},{"start":{},"end":{}}],"line":63},"10":{"loc":{"start":{"line":88,"column":4},"end":{"line":90,"column":5}},"type":"if","locations":[{"start":{"line":88,"column":4},"end":{"line":90,"column":5}},{"start":{},"end":{}}],"line":88},"11":{"loc":{"start":{"line":88,"column":8},"end":{"line":88,"column":124}},"type":"binary-expr","locations":[{"start":{"line":88,"column":8},"end":{"line":88,"column":44}},{"start":{"line":88,"column":49},"end":{"line":88,"column":83}},{"start":{"line":88,"column":87},"end":{"line":88,"column":123}}],"line":88},"12":{"loc":{"start":{"line":92,"column":4},"end":{"line":96,"column":5}},"type":"if","locations":[{"start":{"line":92,"column":4},"end":{"line":96,"column":5}},{"start":{},"end":{}}],"line":92},"13":{"loc":{"start":{"line":92,"column":8},"end":{"line":92,"column":75}},"type":"binary-expr","locations":[{"start":{"line":92,"column":8},"end":{"line":92,"column":25}},{"start":{"line":92,"column":29},"end":{"line":92,"column":75}}],"line":92},"14":{"loc":{"start":{"line":100,"column":4},"end":{"line":102,"column":5}},"type":"if","locations":[{"start":{"line":100,"column":4},"end":{"line":102,"column":5}},{"start":{},"end":{}}],"line":100},"15":{"loc":{"start":{"line":115,"column":4},"end":{"line":117,"column":5}},"type":"if","locations":[{"start":{"line":115,"column":4},"end":{"line":117,"column":5}},{"start":{},"end":{}}],"line":115}},"s":{"0":0,"1":0,"2":0,"3":0,"4":0,"5":0,"6":0,"7":0,"8":0,"9":0,"10":0,"11":0,"12":0,"13":0,"14":0,"15":0,"16":0,"17":0,"18":0,"19":0,"20":0,"21":0,"22":0,"23":0,"24":0,"25":0,"26":0,"27":0,"28":0,"29":0,"30":0,"31":0,"32":0,"33":0,"34":0,"35":0,"36":0,"37":0,"38":0,"39":0,"40":0,"41":0,"42":0,"43":0,"44":0,"45":0,"46":0,"47":0},"f":{"0":0,"1":0,"2":0,"3":0,"4":0},"b":{"0":[0,0],"1":[0,0],"2":[0,0],"3":[0,0],"4":[0,0],"5":[0,0],"6":[0,0,0],"7":[0,0],"8":[0,0,0,0,0],"9":[0,0],"10":[0,0],"11":[0,0,0],"12":[0,0],"13":[0,0],"14":[0,0],"15":[0,0]}}
,"C:\\Users\\yadak\\Desktop\\COOS\\backend\\src\\controllers\\payment.controller.js": {"path":"C:\\Users\\yadak\\Desktop\\COOS\\backend\\src\\controllers\\payment.controller.js","statementMap":{"0":{"start":{"line":1,"column":21},"end":{"line":1,"column":55}},"1":{"start":{"line":2,"column":19},"end":{"line":2,"column":50}},"2":{"start":{"line":3,"column":17},"end":{"line":3,"column":40}},"3":{"start":{"line":6,"column":0},"end":{"line":14,"column":2}},"4":{"start":{"line":7,"column":2},"end":{"line":13,"column":3}},"5":{"start":{"line":8,"column":23},"end":{"line":8,"column":32}},"6":{"start":{"line":9,"column":21},"end":{"line":9,"column":59}},"7":{"start":{"line":10,"column":4},"end":{"line":10,"column":35}},"8":{"start":{"line":12,"column":4},"end":{"line":12,"column":14}},"9":{"start":{"line":17,"column":0},"end":{"line":46,"column":2}},"10":{"start":{"line":18,"column":2},"end":{"line":45,"column":3}},"11":{"start":{"line":19,"column":19},"end":{"line":19,"column":29}},"12":{"start":{"line":20,"column":20},"end":{"line":20,"column":38}},"13":{"start":{"line":22,"column":20},"end":{"line":22,"column":51}},"14":{"start":{"line":23,"column":4},"end":{"line":25,"column":5}},"15":{"start":{"line":24,"column":6},"end":{"line":24,"column":68}},"16":{"start":{"line":27,"column":4},"end":{"line":29,"column":5}},"17":{"start":{"line":28,"column":6},"end":{"line":28,"column":79}},"18":{"start":{"line":32,"column":19},"end":{"line":37,"column":5}},"19":{"start":{"line":39,"column":4},"end":{"line":42,"column":7}},"20":{"start":{"line":44,"column":4},"end":{"line":44,"column":14}},"21":{"start":{"line":49,"column":0},"end":{"line":80,"column":2}},"22":{"start":{"line":50,"column":2},"end":{"line":79,"column":3}},"23":{"start":{"line":51,"column":19},"end":{"line":51,"column":29}},"24":{"start":{"line":52,"column":20},"end":{"line":52,"column":38}},"25":{"start":{"line":53,"column":23},"end":{"line":53,"column":37}},"26":{"start":{"line":55,"column":20},"end":{"line":55,"column":51}},"27":{"start":{"line":56,"column":4},"end":{"line":58,"column":5}},"28":{"start":{"line":57,"column":6},"end":{"line":57,"column":68}},"29":{"start":{"line":60,"column":4},"end":{"line":62,"column":5}},"30":{"start":{"line":61,"column":6},"end":{"line":61,"column":79}},"31":{"start":{"line":65,"column":19},"end":{"line":70,"column":5}},"32":{"start":{"line":72,"column":4},"end":{"line":75,"column":7}},"33":{"start":{"line":77,"column":4},"end":{"line":77,"column":48}},"34":{"start":{"line":78,"column":4},"end":{"line":78,"column":14}}},"fnMap":{"0":{"name":"(anonymous_0)","decl":{"start":{"line":6,"column":22},"end":{"line":6,"column":23}},"loc":{"start":{"line":6,"column":48},"end":{"line":14,"column":1}},"line":6},"1":{"name":"(anonymous_1)","decl":{"start":{"line":17,"column":25},"end":{"line":17,"column":26}},"loc":{"start":{"line":17,"column":51},"end":{"line":46,"column":1}},"line":17},"2":{"name":"(anonymous_2)","decl":{"start":{"line":49,"column":24},"end":{"line":49,"column":25}},"loc":{"start":{"line":49,"column":50},"end":{"line":80,"column":1}},"line":49}},"branchMap":{"0":{"loc":{"start":{"line":23,"column":4},"end":{"line":25,"column":5}},"type":"if","locations":[{"start":{"line":23,"column":4},"end":{"line":25,"column":5}},{"start":{},"end":{}}],"line":23},"1":{"loc":{"start":{"line":27,"column":4},"end":{"line":29,"column":5}},"type":"if","locations":[{"start":{"line":27,"column":4},"end":{"line":29,"column":5}},{"start":{},"end":{}}],"line":27},"2":{"loc":{"start":{"line":53,"column":23},"end":{"line":53,"column":37}},"type":"binary-expr","locations":[{"start":{"line":53,"column":23},"end":{"line":53,"column":31}},{"start":{"line":53,"column":35},"end":{"line":53,"column":37}}],"line":53},"3":{"loc":{"start":{"line":56,"column":4},"end":{"line":58,"column":5}},"type":"if","locations":[{"start":{"line":56,"column":4},"end":{"line":58,"column":5}},{"start":{},"end":{}}],"line":56},"4":{"loc":{"start":{"line":60,"column":4},"end":{"line":62,"column":5}},"type":"if","locations":[{"start":{"line":60,"column":4},"end":{"line":62,"column":5}},{"start":{},"end":{}}],"line":60},"5":{"loc":{"start":{"line":69,"column":28},"end":{"line":69,"column":53}},"type":"binary-expr","locations":[{"start":{"line":69,"column":28},"end":{"line":69,"column":34}},{"start":{"line":69,"column":38},"end":{"line":69,"column":53}}],"line":69}},"s":{"0":0,"1":0,"2":0,"3":0,"4":0,"5":0,"6":0,"7":0,"8":0,"9":0,"10":0,"11":0,"12":0,"13":0,"14":0,"15":0,"16":0,"17":0,"18":0,"19":0,"20":0,"21":0,"22":0,"23":0,"24":0,"25":0,"26":0,"27":0,"28":0,"29":0,"30":0,"31":0,"32":0,"33":0,"34":0},"f":{"0":0,"1":0,"2":0},"b":{"0":[0,0],"1":[0,0],"2":[0,0],"3":[0,0],"4":[0,0],"5":[0,0]}}
,"C:\\Users\\yadak\\Desktop\\COOS\\backend\\src\\controllers\\policy.controller.js": {"path":"C:\\Users\\yadak\\Desktop\\COOS\\backend\\src\\controllers\\policy.controller.js","statementMap":{"0":{"start":{"line":1,"column":20},"end":{"line":1,"column":53}},"1":{"start":{"line":4,"column":0},"end":{"line":18,"column":2}},"2":{"start":{"line":5,"column":2},"end":{"line":17,"column":3}},"3":{"start":{"line":6,"column":32},"end":{"line":6,"column":41}},"4":{"start":{"line":8,"column":20},"end":{"line":11,"column":5}},"5":{"start":{"line":13,"column":21},"end":{"line":13,"column":55}},"6":{"start":{"line":14,"column":4},"end":{"line":14,"column":35}},"7":{"start":{"line":16,"column":4},"end":{"line":16,"column":14}},"8":{"start":{"line":21,"column":0},"end":{"line":42,"column":2}},"9":{"start":{"line":22,"column":2},"end":{"line":41,"column":3}},"10":{"start":{"line":23,"column":23},"end":{"line":23,"column":53}},"11":{"start":{"line":24,"column":21},"end":{"line":24,"column":31}},"12":{"start":{"line":26,"column":4},"end":{"line":30,"column":5}},"13":{"start":{"line":27,"column":6},"end":{"line":29,"column":9}},"14":{"start":{"line":32,"column":19},"end":{"line":32,"column":53}},"15":{"start":{"line":34,"column":4},"end":{"line":36,"column":5}},"16":{"start":{"line":35,"column":6},"end":{"line":35,"column":81}},"17":{"start":{"line":38,"column":4},"end":{"line":38,"column":33}},"18":{"start":{"line":40,"column":4},"end":{"line":40,"column":14}},"19":{"start":{"line":45,"column":0},"end":{"line":57,"column":2}},"20":{"start":{"line":46,"column":2},"end":{"line":56,"column":3}},"21":{"start":{"line":47,"column":19},"end":{"line":47,"column":60}},"22":{"start":{"line":49,"column":4},"end":{"line":51,"column":5}},"23":{"start":{"line":50,"column":6},"end":{"line":50,"column":67}},"24":{"start":{"line":53,"column":4},"end":{"line":53,"column":33}},"25":{"start":{"line":55,"column":4},"end":{"line":55,"column":14}},"26":{"start":{"line":60,"column":0},"end":{"line":88,"column":2}},"27":{"start":{"line":61,"column":2},"end":{"line":87,"column":3}},"28":{"start":{"line":62,"column":55},"end":{"line":62,"column":63}},"29":{"start":{"line":64,"column":4},"end":{"line":66,"column":5}},"30":{"start":{"line":65,"column":6},"end":{"line":65,"column":74}},"31":{"start":{"line":68,"column":23},"end":{"line":68,"column":53}},"32":{"start":{"line":69,"column":4},"end":{"line":73,"column":5}},"33":{"start":{"line":70,"column":6},"end":{"line":72,"column":9}},"34":{"start":{"line":75,"column":21},"end":{"line":79,"column":6}},"35":{"start":{"line":81,"column":4},"end":{"line":84,"column":7}},"36":{"start":{"line":86,"column":4},"end":{"line":86,"column":14}},"37":{"start":{"line":91,"column":0},"end":{"line":104,"column":2}},"38":{"start":{"line":92,"column":2},"end":{"line":103,"column":3}},"39":{"start":{"line":93,"column":19},"end":{"line":93,"column":29}},"40":{"start":{"line":94,"column":19},"end":{"line":94,"column":57}},"41":{"start":{"line":96,"column":4},"end":{"line":98,"column":5}},"42":{"start":{"line":97,"column":6},"end":{"line":97,"column":67}},"43":{"start":{"line":100,"column":4},"end":{"line":100,"column":56}},"44":{"start":{"line":102,"column":4},"end":{"line":102,"column":14}},"45":{"start":{"line":107,"column":0},"end":{"line":119,"column":2}},"46":{"start":{"line":108,"column":2},"end":{"line":118,"column":3}},"47":{"start":{"line":109,"column":21},"end":{"line":109,"column":60}},"48":{"start":{"line":111,"column":4},"end":{"line":113,"column":5}},"49":{"start":{"line":112,"column":6},"end":{"line":112,"column":67}},"50":{"start":{"line":115,"column":4},"end":{"line":115,"column":44}},"51":{"start":{"line":117,"column":4},"end":{"line":117,"column":14}}},"fnMap":{"0":{"name":"(anonymous_0)","decl":{"start":{"line":4,"column":22},"end":{"line":4,"column":23}},"loc":{"start":{"line":4,"column":48},"end":{"line":18,"column":1}},"line":4},"1":{"name":"(anonymous_1)","decl":{"start":{"line":21,"column":26},"end":{"line":21,"column":27}},"loc":{"start":{"line":21,"column":52},"end":{"line":42,"column":1}},"line":21},"2":{"name":"(anonymous_2)","decl":{"start":{"line":45,"column":24},"end":{"line":45,"column":25}},"loc":{"start":{"line":45,"column":50},"end":{"line":57,"column":1}},"line":45},"3":{"name":"(anonymous_3)","decl":{"start":{"line":60,"column":23},"end":{"line":60,"column":24}},"loc":{"start":{"line":60,"column":49},"end":{"line":88,"column":1}},"line":60},"4":{"name":"(anonymous_4)","decl":{"start":{"line":91,"column":23},"end":{"line":91,"column":24}},"loc":{"start":{"line":91,"column":49},"end":{"line":104,"column":1}},"line":91},"5":{"name":"(anonymous_5)","decl":{"start":{"line":107,"column":23},"end":{"line":107,"column":24}},"loc":{"start":{"line":107,"column":49},"end":{"line":119,"column":1}},"line":107}},"branchMap":{"0":{"loc":{"start":{"line":9,"column":18},"end":{"line":9,"column":36}},"type":"binary-expr","locations":[{"start":{"line":9,"column":18},"end":{"line":9,"column":28}},{"start":{"line":9,"column":32},"end":{"line":9,"column":36}}],"line":9},"1":{"loc":{"start":{"line":26,"column":4},"end":{"line":30,"column":5}},"type":"if","locations":[{"start":{"line":26,"column":4},"end":{"line":30,"column":5}},{"start":{},"end":{}}],"line":26},"2":{"loc":{"start":{"line":34,"column":4},"end":{"line":36,"column":5}},"type":"if","locations":[{"start":{"line":34,"column":4},"end":{"line":36,"column":5}},{"start":{},"end":{}}],"line":34},"3":{"loc":{"start":{"line":49,"column":4},"end":{"line":51,"column":5}},"type":"if","locations":[{"start":{"line":49,"column":4},"end":{"line":51,"column":5}},{"start":{},"end":{}}],"line":49},"4":{"loc":{"start":{"line":64,"column":4},"end":{"line":66,"column":5}},"type":"if","locations":[{"start":{"line":64,"column":4},"end":{"line":66,"column":5}},{"start":{},"end":{}}],"line":64},"5":{"loc":{"start":{"line":64,"column":8},"end":{"line":64,"column":53}},"type":"binary-expr","locations":[{"start":{"line":64,"column":8},"end":{"line":64,"column":20}},{"start":{"line":64,"column":24},"end":{"line":64,"column":38}},{"start":{"line":64,"column":42},"end":{"line":64,"column":53}}],"line":64},"6":{"loc":{"start":{"line":69,"column":4},"end":{"line":73,"column":5}},"type":"if","locations":[{"start":{"line":69,"column":4},"end":{"line":73,"column":5}},{"start":{},"end":{}}],"line":69},"7":{"loc":{"start":{"line":96,"column":4},"end":{"line":98,"column":5}},"type":"if","locations":[{"start":{"line":96,"column":4},"end":{"line":98,"column":5}},{"start":{},"end":{}}],"line":96},"8":{"loc":{"start":{"line":111,"column":4},"end":{"line":113,"column":5}},"type":"if","locations":[{"start":{"line":111,"column":4},"end":{"line":113,"column":5}},{"start":{},"end":{}}],"line":111}},"s":{"0":0,"1":0,"2":0,"3":0,"4":0,"5":0,"6":0,"7":0,"8":0,"9":0,"10":0,"11":0,"12":0,"13":0,"14":0,"15":0,"16":0,"17":0,"18":0,"19":0,"20":0,"21":0,"22":0,"23":0,"24":0,"25":0,"26":0,"27":0,"28":0,"29":0,"30":0,"31":0,"32":0,"33":0,"34":0,"35":0,"36":0,"37":0,"38":0,"39":0,"40":0,"41":0,"42":0,"43":0,"44":0,"45":0,"46":0,"47":0,"48":0,"49":0,"50":0,"51":0},"f":{"0":0,"1":0,"2":0,"3":0,"4":0,"5":0},"b":{"0":[0,0],"1":[0,0],"2":[0,0],"3":[0,0],"4":[0,0],"5":[0,0,0],"6":[0,0],"7":[0,0],"8":[0,0]}}
,"C:\\Users\\yadak\\Desktop\\COOS\\backend\\src\\controllers\\report.controller.js": {"path":"C:\\Users\\yadak\\Desktop\\COOS\\backend\\src\\controllers\\report.controller.js","statementMap":{"0":{"start":{"line":1,"column":17},"end":{"line":1,"column":40}},"1":{"start":{"line":3,"column":0},"end":{"line":85,"column":2}},"2":{"start":{"line":4,"column":2},"end":{"line":84,"column":3}},"3":{"start":{"line":5,"column":25},"end":{"line":5,"column":34}},"4":{"start":{"line":6,"column":21},"end":{"line":6,"column":23}},"5":{"start":{"line":7,"column":23},"end":{"line":7,"column":25}},"6":{"start":{"line":9,"column":4},"end":{"line":12,"column":5}},"7":{"start":{"line":10,"column":6},"end":{"line":10,"column":69}},"8":{"start":{"line":11,"column":6},"end":{"line":11,"column":46}},"9":{"start":{"line":15,"column":20},"end":{"line":23,"column":5}},"10":{"start":{"line":26,"column":33},"end":{"line":30,"column":5}},"11":{"start":{"line":33,"column":29},"end":{"line":37,"column":5}},"12":{"start":{"line":40,"column":30},"end":{"line":48,"column":5}},"13":{"start":{"line":51,"column":29},"end":{"line":60,"column":5}},"14":{"start":{"line":63,"column":29},"end":{"line":69,"column":5}},"15":{"start":{"line":71,"column":4},"end":{"line":81,"column":7}},"16":{"start":{"line":83,"column":4},"end":{"line":83,"column":14}}},"fnMap":{"0":{"name":"(anonymous_0)","decl":{"start":{"line":3,"column":28},"end":{"line":3,"column":29}},"loc":{"start":{"line":3,"column":54},"end":{"line":85,"column":1}},"line":3}},"branchMap":{"0":{"loc":{"start":{"line":9,"column":4},"end":{"line":12,"column":5}},"type":"if","locations":[{"start":{"line":9,"column":4},"end":{"line":12,"column":5}},{"start":{},"end":{}}],"line":9},"1":{"loc":{"start":{"line":9,"column":8},"end":{"line":9,"column":18}},"type":"binary-expr","locations":[{"start":{"line":9,"column":8},"end":{"line":9,"column":12}},{"start":{"line":9,"column":16},"end":{"line":9,"column":18}}],"line":9},"2":{"loc":{"start":{"line":28,"column":9},"end":{"line":28,"column":74}},"type":"cond-expr","locations":[{"start":{"line":28,"column":22},"end":{"line":28,"column":69}},{"start":{"line":28,"column":72},"end":{"line":28,"column":74}}],"line":28},"3":{"loc":{"start":{"line":28,"column":9},"end":{"line":28,"column":19}},"type":"binary-expr","locations":[{"start":{"line":28,"column":9},"end":{"line":28,"column":13}},{"start":{"line":28,"column":17},"end":{"line":28,"column":19}}],"line":28},"4":{"loc":{"start":{"line":72,"column":19},"end":{"line":72,"column":39}},"type":"binary-expr","locations":[{"start":{"line":72,"column":19},"end":{"line":72,"column":34}},{"start":{"line":72,"column":38},"end":{"line":72,"column":39}}],"line":72},"5":{"loc":{"start":{"line":73,"column":20},"end":{"line":73,"column":41}},"type":"binary-expr","locations":[{"start":{"line":73,"column":20},"end":{"line":73,"column":36}},{"start":{"line":73,"column":40},"end":{"line":73,"column":41}}],"line":73},"6":{"loc":{"start":{"line":74,"column":23},"end":{"line":74,"column":47}},"type":"binary-expr","locations":[{"start":{"line":74,"column":23},"end":{"line":74,"column":42}},{"start":{"line":74,"column":46},"end":{"line":74,"column":47}}],"line":74},"7":{"loc":{"start":{"line":75,"column":23},"end":{"line":75,"column":47}},"type":"binary-expr","locations":[{"start":{"line":75,"column":23},"end":{"line":75,"column":42}},{"start":{"line":75,"column":46},"end":{"line":75,"column":47}}],"line":75},"8":{"loc":{"start":{"line":76,"column":20},"end":{"line":76,"column":37}},"type":"binary-expr","locations":[{"start":{"line":76,"column":20},"end":{"line":76,"column":32}},{"start":{"line":76,"column":36},"end":{"line":76,"column":37}}],"line":76}},"s":{"0":0,"1":0,"2":0,"3":0,"4":0,"5":0,"6":0,"7":0,"8":0,"9":0,"10":0,"11":0,"12":0,"13":0,"14":0,"15":0,"16":0},"f":{"0":0},"b":{"0":[0,0],"1":[0,0],"2":[0,0],"3":[0,0],"4":[0,0],"5":[0,0],"6":[0,0],"7":[0,0],"8":[0,0]}}
[...]
end":{"line":16,"column":2}},"2":{"start":{"line":5,"column":17},"end":{"line":5,"column":88}},"3":{"start":{"line":6,"column":19},"end":{"line":6,"column":21}},"4":{"start":{"line":7,"column":2},"end":{"line":14,"column":5}},"5":{"start":{"line":9,"column":14},"end":{"line":9,"column":30}},"6":{"start":{"line":10,"column":4},"end":{"line":12,"column":58}},"7":{"start":{"line":10,"column":24},"end":{"line":10,"column":35}},"8":{"start":{"line":11,"column":9},"end":{"line":12,"column":58}},"9":{"start":{"line":11,"column":30},"end":{"line":11,"column":42}},"10":{"start":{"line":12,"column":9},"end":{"line":12,"column":58}},"11":{"start":{"line":12,"column":40},"end":{"line":12,"column":58}},"12":{"start":{"line":13,"column":4},"end":{"line":13,"column":35}},"13":{"start":{"line":15,"column":2},"end":{"line":15,"column":18}},"14":{"start":{"line":19,"column":0},"end":{"line":46,"column":2}},"15":{"start":{"line":20,"column":21},"end":{"line":20,"column":47}},"16":{"start":{"line":21,"column":2},"end":{"line":45,"column":3}},"17":{"start":{"line":22,"column":4},"end":{"line":22,"column":40}},"18":{"start":{"line":24,"column":17},"end":{"line":24,"column":37}},"19":{"start":{"line":25,"column":4},"end":{"line":36,"column":5}},"20":{"start":{"line":26,"column":16},"end":{"line":26,"column":28}},"21":{"start":{"line":27,"column":6},"end":{"line":28,"column":29}},"22":{"start":{"line":27,"column":36},"end":{"line":27,"column":65}},"23":{"start":{"line":28,"column":11},"end":{"line":28,"column":29}},"24":{"start":{"line":30,"column":6},"end":{"line":35,"column":8}},"25":{"start":{"line":38,"column":4},"end":{"line":38,"column":30}},"26":{"start":{"line":39,"column":4},"end":{"line":39,"column":16}},"27":{"start":{"line":41,"column":4},"end":{"line":41,"column":32}},"28":{"start":{"line":42,"column":4},"end":{"line":42,"column":14}},"29":{"start":{"line":44,"column":4},"end":{"line":44,"column":25}}},"fnMap":{"0":{"name":"(anonymous_0)","decl":{"start":{"line":4,"column":25},"end":{"line":4,"column":26}},"loc":{"start":{"line":4,"column":37},"end":{"line":16,"column":1}},"line":4},"1":{"name":"(anonymous_1)","decl":{"start":{"line":7,"column":15},"end":{"line":7,"column":16}},"loc":{"start":{"line":7,"column":24},"end":{"line":14,"column":3}},"line":7},"2":{"name":"(anonymous_2)","decl":{"start":{"line":19,"column":25},"end":{"line":19,"column":26}},"loc":{"start":{"line":19,"column":53},"end":{"line":46,"column":1}},"line":19}},"branchMap":{"0":{"loc":{"start":{"line":10,"column":4},"end":{"line":12,"column":58}},"type":"if","locations":[{"start":{"line":10,"column":4},"end":{"line":12,"column":58}},{"start":{"line":11,"column":9},"end":{"line":12,"column":58}}],"line":10},"1":{"loc":{"start":{"line":11,"column":9},"end":{"line":12,"column":58}},"type":"if","locations":[{"start":{"line":11,"column":9},"end":{"line":12,"column":58}},{"start":{"line":12,"column":9},"end":{"line":12,"column":58}}],"line":11},"2":{"loc":{"start":{"line":12,"column":9},"end":{"line":12,"column":58}},"type":"if","locations":[{"start":{"line":12,"column":9},"end":{"line":12,"column":58}},{"start":{},"end":{}}],"line":12},"3":{"loc":{"start":{"line":12,"column":13},"end":{"line":12,"column":38}},"type":"binary-expr","locations":[{"start":{"line":12,"column":13},"end":{"line":12,"column":24}},{"start":{"line":12,"column":28},"end":{"line":12,"column":38}}],"line":12},"4":{"loc":{"start":{"line":27,"column":6},"end":{"line":28,"column":29}},"type":"if","locations":[{"start":{"line":27,"column":6},"end":{"line":28,"column":29}},{"start":{"line":28,"column":11},"end":{"line":28,"column":29}}],"line":27},"5":{"loc":{"start":{"line":27,"column":42},"end":{"line":27,"column":64}},"type":"cond-expr","locations":[{"start":{"line":27,"column":48},"end":{"line":27,"column":54}},{"start":{"line":27,"column":57},"end":{"line":27,"column":64}}],"line":27}},"s":{"0":0,"1":0,"2":0,"3":0,"4":0,"5":0,"6":0,"7":0,"8":0,"9":0,"10":0,"11":0,"12":0,"13":0,"14":0,"15":0,"16":0,"17":0,"18":0,"19":0,"20":0,"21":0,"22":0,"23":0,"24":0,"25":0,"26":0,"27":0,"28":0,"29":0},"f":{"0":0,"1":0,"2":0},"b":{"0":[0,0],"1":[0,0],"2":[0,0],"3":[0,0],"4":[0,0],"5":[0,0]}}
,"C:\\Users\\yadak\\Desktop\\COOS\\backend\\src\\models\\tag.model.js": {"path":"C:\\Users\\yadak\\Desktop\\COOS\\backend\\src\\models\\tag.model.js","statementMap":{"0":{"start":{"line":1,"column":17},"end":{"line":1,"column":40}},"1":{"start":{"line":3,"column":0},"end":{"line":6,"column":2}},"2":{"start":{"line":4,"column":17},"end":{"line":4,"column":79}},"3":{"start":{"line":5,"column":2},"end":{"line":5,"column":14}},"4":{"start":{"line":8,"column":0},"end":{"line":11,"column":2}},"5":{"start":{"line":9,"column":17},"end":{"line":9,"column":77}},"6":{"start":{"line":10,"column":2},"end":{"line":10,"column":17}},"7":{"start":{"line":13,"column":0},"end":{"line":16,"column":2}},"8":{"start":{"line":14,"column":19},"end":{"line":14,"column":87}},"9":{"start":{"line":15,"column":2},"end":{"line":15,"column":16}},"10":{"start":{"line":18,"column":0},"end":{"line":21,"column":2}},"11":{"start":{"line":19,"column":19},"end":{"line":19,"column":97}},"12":{"start":{"line":20,"column":2},"end":{"line":20,"column":16}},"13":{"start":{"line":23,"column":0},"end":{"line":26,"column":2}},"14":{"start":{"line":24,"column":19},"end":{"line":24,"column":77}},"15":{"start":{"line":25,"column":2},"end":{"line":25,"column":16}}},"fnMap":{"0":{"name":"(anonymous_0)","decl":{"start":{"line":3,"column":18},"end":{"line":3,"column":19}},"loc":{"start":{"line":3,"column":30},"end":{"line":6,"column":1}},"line":3},"1":{"name":"(anonymous_1)","decl":{"start":{"line":8,"column":19},"end":{"line":8,"column":20}},"loc":{"start":{"line":8,"column":33},"end":{"line":11,"column":1}},"line":8},"2":{"name":"(anonymous_2)","decl":{"start":{"line":13,"column":17},"end":{"line":13,"column":18}},"loc":{"start":{"line":13,"column":36},"end":{"line":16,"column":1}},"line":13},"3":{"name":"(anonymous_3)","decl":{"start":{"line":18,"column":17},"end":{"line":18,"column":18}},"loc":{"start":{"line":18,"column":40},"end":{"line":21,"column":1}},"line":18},"4":{"name":"(anonymous_4)","decl":{"start":{"line":23,"column":17},"end":{"line":23,"column":18}},"loc":{"start":{"line":23,"column":31},"end":{"line":26,"column":1}},"line":23}},"branchMap":{},"s":{"0":0,"1":0,"2":0,"3":0,"4":0,"5":0,"6":0,"7":0,"8":0,"9":0,"10":0,"11":0,"12":0,"13":0,"14":0,"15":0},"f":{"0":0,"1":0,"2":0,"3":0,"4":0},"b":{}}
,"C:\\Users\\yadak\\Desktop\\COOS\\backend\\src\\models\\user.model.js": {"path":"C:\\Users\\yadak\\Desktop\\COOS\\backend\\src\\models\\user.model.js","statementMap":{"0":{"start":{"line":1,"column":17},"end":{"line":1,"column":40}},"1":{"start":{"line":4,"column":0},"end":{"line":20,"column":2}},"2":{"start":{"line":5,"column":17},"end":{"line":18,"column":3}},"3":{"start":{"line":19,"column":2},"end":{"line":19,"column":14}},"4":{"start":{"line":23,"column":0},"end":{"line":40,"column":2}},"5":{"start":{"line":24,"column":17},"end":{"line":38,"column":3}},"6":{"start":{"line":39,"column":2},"end":{"line":39,"column":17}},"7":{"start":{"line":43,"column":0},"end":{"line":61,"column":2}},"8":{"start":{"line":44,"column":17},"end":{"line":59,"column":3}},"9":{"start":{"line":60,"column":2},"end":{"line":60,"column":17}},"10":{"start":{"line":64,"column":0},"end":{"line":90,"column":2}},"11":{"start":{"line":65,"column":19},"end":{"line":88,"column":3}},"12":{"start":{"line":89,"column":2},"end":{"line":89,"column":25}},"13":{"start":{"line":93,"column":0},"end":{"line":96,"column":2}},"14":{"start":{"line":94,"column":19},"end":{"line":94,"column":79}},"15":{"start":{"line":95,"column":2},"end":{"line":95,"column":29}},"16":{"start":{"line":99,"column":0},"end":{"line":134,"column":2}},"17":{"start":{"line":101,"column":17},"end":{"line":103,"column":4}},"18":{"start":{"line":105,"column":2},"end":{"line":107,"column":3}},"19":{"start":{"line":106,"column":4},"end":{"line":106,"column":16}},"20":{"start":{"line":109,"column":19},"end":{"line":131,"column":3}},"21":{"start":{"line":133,"column":2},"end":{"line":133,"column":29}},"22":{"start":{"line":137,"column":0},"end":{"line":167,"column":2}},"23":{"start":{"line":138,"column":17},"end":{"line":140,"column":4}},"24":{"start":{"line":142,"column":2},"end":{"line":144,"column":3}},"25":{"start":{"line":143,"column":4},"end":{"line":143,"column":16}},"26":{"start":{"line":146,"column":19},"end":{"line":164,"column":3}},"27":{"start":{"line":166,"column":2},"end":{"line":166,"column":29}},"28":{"start":{"line":170,"column":0},"end":{"line":176,"column":2}},"29":{"start":{"line":171,"column":19},"end":{"line":174,"column":3}},"30":{"start":{"line":175,"column":2},"end":{"line":175,"column":29}},"31":{"start":{"line":179,"column":0},"end":{"line":187,"column":2}},"32":{"start":{"line":180,"column":17},"end":{"line":185,"column":3}},"33":{"start":{"line":186,"column":2},"end":{"line":186,"column":17}},"34":{"start":{"line":190,"column":0},"end":{"line":196,"column":2}},"35":{"start":{"line":191,"column":19},"end":{"line":194,"column":3}},"36":{"start":{"line":195,"column":2},"end":{"line":195,"column":29}}},"fnMap":{"0":{"name":"(anonymous_0)","decl":{"start":{"line":4,"column":18},"end":{"line":4,"column":19}},"loc":{"start":{"line":4,"column":30},"end":{"line":20,"column":1}},"line":4},"1":{"name":"(anonymous_1)","decl":{"start":{"line":23,"column":19},"end":{"line":23,"column":20}},"loc":{"start":{"line":23,"column":33},"end":{"line":40,"column":1}},"line":23},"2":{"name":"(anonymous_2)","decl":{"start":{"line":43,"column":22},"end":{"line":43,"column":23}},"loc":{"start":{"line":43,"column":39},"end":{"line":61,"column":1}},"line":43},"3":{"name":"(anonymous_3)","decl":{"start":{"line":64,"column":17},"end":{"line":64,"column":18}},"loc":{"start":{"line":64,"column":33},"end":{"line":90,"column":1}},"line":64},"4":{"name":"(anonymous_4)","decl":{"start":{"line":93,"column":17},"end":{"line":93,"column":18}},"loc":{"start":{"line":93,"column":31},"end":{"line":96,"column":1}},"line":93},"5":{"name":"(anonymous_5)","decl":{"start":{"line":99,"column":17},"end":{"line":99,"column":18}},"loc":{"start":{"line":99,"column":37},"end":{"line":134,"column":1}},"line":99},"6":{"name":"(anonymous_6)","decl":{"start":{"line":137,"column":24},"end":{"line":137,"column":25}},"loc":{"start":{"line":137,"column":44},"end":{"line":167,"column":1}},"line":137},"7":{"name":"(anonymous_7)","decl":{"start":{"line":170,"column":25},"end":{"line":170,"column":26}},"loc":{"start":{"line":170,"column":57},"end":{"line":176,"column":1}},"line":170},"8":{"name":"(anonymous_8)","decl":{"start":{"line":179,"column":27},"end":{"line":179,"column":28}},"loc":{"start":{"line":179,"column":44},"end":{"line":187,"column":1}},"line":179},"9":{"name":"(anonymous_9)","decl":{"start":{"line":190,"column":24},"end":{"line":190,"column":25}},"loc":{"start":{"line":190,"column":58},"end":{"line":196,"column":1}},"line":190}},"branchMap":{"0":{"loc":{"start":{"line":82,"column":6},"end":{"line":82,"column":28}},"type":"binary-expr","locations":[{"start":{"line":82,"column":6},"end":{"line":82,"column":20}},{"start":{"line":82,"column":24},"end":{"line":82,"column":28}}],"line":82},"1":{"loc":{"start":{"line":83,"column":6},"end":{"line":83,"column":30}},"type":"binary-expr","locations":[{"start":{"line":83,"column":6},"end":{"line":83,"column":22}},{"start":{"line":83,"column":26},"end":{"line":83,"column":30}}],"line":83},"2":{"loc":{"start":{"line":84,"column":6},"end":{"line":84,"column":35}},"type":"binary-expr","locations":[{"start":{"line":84,"column":6},"end":{"line":84,"column":27}},{"start":{"line":84,"column":31},"end":{"line":84,"column":35}}],"line":84},"3":{"loc":{"start":{"line":85,"column":6},"end":{"line":85,"column":80}},"type":"cond-expr","locations":[{"start":{"line":85,"column":33},"end":{"line":85,"column":73}},{"start":{"line":85,"column":76},"end":{"line":85,"column":80}}],"line":85},"4":{"loc":{"start":{"line":86,"column":6},"end":{"line":86,"column":33}},"type":"binary-expr","locations":[{"start":{"line":86,"column":6},"end":{"line":86,"column":19}},{"start":{"line":86,"column":23},"end":{"line":86,"column":33}}],"line":86},"5":{"loc":{"start":{"line":105,"column":2},"end":{"line":107,"column":3}},"type":"if","locations":[{"start":{"line":105,"column":2},"end":{"line":107,"column":3}},{"start":{},"end":{}}],"line":105},"6":{"loc":{"start":{"line":126,"column":6},"end":{"line":126,"column":35}},"type":"binary-expr","locations":[{"start":{"line":126,"column":6},"end":{"line":126,"column":27}},{"start":{"line":126,"column":31},"end":{"line":126,"column":35}}],"line":126},"7":{"loc":{"start":{"line":127,"column":6},"end":{"line":127,"column":80}},"type":"cond-expr","locations":[{"start":{"line":127,"column":33},"end":{"line":127,"column":73}},{"start":{"line":127,"column":76},"end":{"line":127,"column":80}}],"line":127},"8":{"loc":{"start":{"line":142,"column":2},"end":{"line":144,"column":3}},"type":"if","locations":[{"start":{"line":142,"column":2},"end":{"line":144,"column":3}},{"start":{},"end":{}}],"line":142},"9":{"loc":{"start":{"line":158,"column":6},"end":{"line":158,"column":28}},"type":"binary-expr","locations":[{"start":{"line":158,"column":6},"end":{"line":158,"column":20}},{"start":{"line":158,"column":24},"end":{"line":158,"column":28}}],"line":158},"10":{"loc":{"start":{"line":159,"column":6},"end":{"line":159,"column":30}},"type":"binary-expr","locations":[{"start":{"line":159,"column":6},"end":{"line":159,"column":22}},{"start":{"line":159,"column":26},"end":{"line":159,"column":30}}],"line":159},"11":{"loc":{"start":{"line":160,"column":6},"end":{"line":160,"column":35}},"type":"binary-expr","locations":[{"start":{"line":160,"column":6},"end":{"line":160,"column":27}},{"start":{"line":160,"column":31},"end":{"line":160,"column":35}}],"line":160},"12":{"loc":{"start":{"line":161,"column":6},"end":{"line":161,"column":80}},"type":"cond-expr","locations":[{"start":{"line":161,"column":33},"end":{"line":161,"column":73}},{"start":{"line":161,"column":76},"end":{"line":161,"column":80}}],"line":161}},"s":{"0":1,"1":1,"2":0,"3":0,"4":1,"5":0,"6":0,"7":1,"8":0,"9":0,"10":1,"11":0,"12":0,"13":1,"14":0,"15":0,"16":1,"17":0,"18":0,"19":0,"20":0,"21":0,"22":1,"23":0,"24":0,"25":0,"26":0,"27":0,"28":1,"29":0,"30":0,"31":1,"32":0,"33":0,"34":1,"35":0,"36":0},"f":{"0":0,"1":0,"2":0,"3":0,"4":0,"5":0,"6":0,"7":0,"8":0,"9":0},"b":{"0":[0,0],"1":[0,0],"2":[0,0],"3":[0,0],"4":[0,0],"5":[0,0],"6":[0,0],"7":[0,0],"8":[0,0],"9":[0,0],"10":[0,0],"11":[0,0],"12":[0,0]},"_coverageSchema":"1a1c01bbd47fc00a2c39e90264f33305004495a9","hash":"8b48f9d6ffccaca8e199cf67ec982363e01c62d0"}
,"C:\\Users\\yadak\\Desktop\\COOS\\backend\\src\\models\\workTypeModel.js": {"path":"C:\\Users\\yadak\\Desktop\\COOS\\backend\\src\\models\\workTypeModel.js","statementMap":{"0":{"start":{"line":1,"column":17},"end":{"line":1,"column":40}},"1":{"start":{"line":3,"column":0},"end":{"line":8,"column":2}},"2":{"start":{"line":4,"column":14},"end":{"line":6,"column":82}},"3":{"start":{"line":7,"column":2},"end":{"line":7,"column":25}},"4":{"start":{"line":10,"column":0},"end":{"line":16,"column":2}},"5":{"start":{"line":11,"column":17},"end":{"line":14,"column":3}},"6":{"start":{"line":15,"column":2},"end":{"line":15,"column":17}},"7":{"start":{"line":18,"column":0},"end":{"line":24,"column":2}},"8":{"start":{"line":19,"column":17},"end":{"line":22,"column":3}},"9":{"start":{"line":23,"column":2},"end":{"line":23,"column":17}},"10":{"start":{"line":26,"column":0},"end":{"line":32,"column":2}},"11":{"start":{"line":27,"column":19},"end":{"line":30,"column":3}},"12":{"start":{"line":31,"column":2},"end":{"line":31,"column":18}},"13":{"start":{"line":34,"column":0},"end":{"line":50,"column":2}},"14":{"start":{"line":35,"column":14},"end":{"line":42,"column":3}},"15":{"start":{"line":43,"column":19},"end":{"line":48,"column":4}},"16":{"start":{"line":49,"column":2},"end":{"line":49,"column":18}},"17":{"start":{"line":52,"column":0},"end":{"line":58,"column":2}},"18":{"start":{"line":53,"column":19},"end":{"line":56,"column":3}},"19":{"start":{"line":57,"column":2},"end":{"line":57,"column":18}}},"fnMap":{"0":{"name":"(anonymous_0)","decl":{"start":{"line":3,"column":18},"end":{"line":3,"column":19}},"loc":{"start":{"line":3,"column":53},"end":{"line":8,"column":1}},"line":3},"1":{"name":"(anonymous_1)","decl":{"start":{"line":10,"column":19},"end":{"line":10,"column":20}},"loc":{"start":{"line":10,"column":33},"end":{"line":16,"column":1}},"line":10},"2":{"name":"(anonymous_2)","decl":{"start":{"line":18,"column":21},"end":{"line":18,"column":22}},"loc":{"start":{"line":18,"column":37},"end":{"line":24,"column":1}},"line":18},"3":{"name":"(anonymous_3)","decl":{"start":{"line":26,"column":17},"end":{"line":26,"column":18}},"loc":{"start":{"line":26,"column":62},"end":{"line":32,"column":1}},"line":26},"4":{"name":"(anonymous_4)","decl":{"start":{"line":34,"column":17},"end":{"line":34,"column":18}},"loc":{"start":{"line":34,"column":39},"end":{"line":50,"column":1}},"line":34},"5":{"name":"(anonymous_5)","decl":{"start":{"line":52,"column":17},"end":{"line":52,"column":18}},"loc":{"start":{"line":52,"column":31},"end":{"line":58,"column":1}},"line":52}},"branchMap":{"0":{"loc":{"start":{"line":3,"column":25},"end":{"line":3,"column":48}},"type":"default-arg","locations":[{"start":{"line":3,"column":43},"end":{"line":3,"column":48}}],"line":3},"1":{"loc":{"start":{"line":4,"column":14},"end":{"line":6,"column":82}},"type":"cond-expr","locations":[{"start":{"line":5,"column":6},"end":{"line":5,"column":55}},{"start":{"line":6,"column":6},"end":{"line":6,"column":82}}],"line":4},"2":{"loc":{"start":{"line":29,"column":19},"end":{"line":29,"column":46}},"type":"binary-expr","locations":[{"start":{"line":29,"column":19},"end":{"line":29,"column":38}},{"start":{"line":29,"column":42},"end":{"line":29,"column":46}}],"line":29},"3":{"loc":{"start":{"line":44,"column":4},"end":{"line":44,"column":31}},"type":"binary-expr","locations":[{"start":{"line":44,"column":4},"end":{"line":44,"column":23}},{"start":{"line":44,"column":27},"end":{"line":44,"column":31}}],"line":44},"4":{"loc":{"start":{"line":45,"column":4},"end":{"line":45,"column":38}},"type":"binary-expr","locations":[{"start":{"line":45,"column":4},"end":{"line":45,"column":30}},{"start":{"line":45,"column":34},"end":{"line":45,"column":38}}],"line":45},"5":{"loc":{"start":{"line":46,"column":4},"end":{"line":46,"column":35}},"type":"binary-expr","locations":[{"start":{"line":46,"column":4},"end":{"line":46,"column":27}},{"start":{"line":46,"column":31},"end":{"line":46,"column":35}}],"line":46}},"s":{"0":1,"1":1,"2":0,"3":0,"4":1,"5":0,"6":0,"7":1,"8":0,"9":0,"10":1,"11":0,"12":0,"13":1,"14":0,"15":0,"16":0,"17":1,"18":0,"19":0},"f":{"0":0,"1":0,"2":0,"3":0,"4":0,"5":0},"b":{"0":[0],"1":[0,0],"2":[0,0],"3":[0,0],"4":[0,0],"5":[0,0]},"_coverageSchema":"1a1c01bbd47fc00a2c39e90264f33305004495a9","hash":"c8e3be7e9256495cefd064e722396a730d5de960"}
,"C:\\Users\\yadak\\Desktop\\COOS\\backend\\src\\utils\\email.js": {"path":"C:\\Users\\yadak\\Desktop\\COOS\\backend\\src\\utils\\email.js","statementMap":{"0":{"start":{"line":1,"column":19},"end":{"line":1,"column":40}},"1":{"start":{"line":3,"column":23},"end":{"line":31,"column":1}},"2":{"start":{"line":4,"column":22},"end":{"line":12,"column":4}},"3":{"start":{"line":14,"column":20},"end":{"line":14,"column":71}},"4":{"start":{"line":16,"column":22},"end":{"line":28,"column":3}},"5":{"start":{"line":30,"column":2},"end":{"line":30,"column":42}},"6":{"start":{"line":33,"column":0},"end":{"line":35,"column":2}}},"fnMap":{"0":{"name":"(anonymous_0)","decl":{"start":{"line":3,"column":23},"end":{"line":3,"column":24}},"loc":{"start":{"line":3,"column":62},"end":{"line":31,"column":1}},"line":3}},"branchMap":{},"s":{"0":0,"1":0,"2":0,"3":0,"4":0,"5":0,"6":0},"f":{"0":0},"b":{}}
}
